This file contains any messages produced by compilers while
running configure, to aid debugging if configure makes a mistake.

It was created by configure, which was
generated by GNU Autoconf 2.69.  Invocation command line was

  $ ./configure 

## --------- ##
## Platform. ##
## --------- ##

hostname = roop
uname -m = x86_64
uname -r = 3.13.0-37-generic
uname -s = Linux
uname -v = #64-Ubuntu SMP Mon Sep 22 21:28:38 UTC 2014

/usr/bin/uname -p = unknown
/bin/uname -X     = unknown

/bin/arch              = unknown
/usr/bin/arch -k       = unknown
/usr/convex/getsysinfo = unknown
/usr/bin/hostinfo      = unknown
/bin/machine           = unknown
/usr/bin/oslevel       = unknown
/bin/universe          = unknown

PATH: /opt/intel/vtune_amplifier_xe_2016.3.0.463186/bin64
PATH: /home/roop/virtual_env/neovim/bin
PATH: /home/roop/bin
PATH: /usr/local/bin
PATH: /usr/bin
PATH: /bin
PATH: /usr/sbin
PATH: /sbin
PATH: /opt/X11/bin
PATH: /usr/local/3rd/bin/
PATH: /usr/local/3rd/share/
PATH: /usr/local/Cellar/tmux/1.9a/bin
PATH: /usr/local/Cellar/gcc49/4.9.2/bin
PATH: /usr/local/Cellar/lua/5.2.3_1/bin/
PATH: /usr/local/Cellar/luajit/2.0.3_1/bin
PATH: /usr/local/Cellar/unrar/5.2.3/bin


## ----------- ##
## Core tests. ##
## ----------- ##

configure:1946: checking for gcc
configure:1962: found /usr/bin/gcc
configure:1973: result: gcc
configure:2202: checking for C compiler version
configure:2211: gcc --version >&5
gcc (Ubuntu 4.8.4-2ubuntu1~14.04.1) 4.8.4
Copyright (C) 2013 Free Software Foundation, Inc.
This is free software; see the source for copying conditions.  There is NO
warranty; not even for MERCHANTABILITY or FITNESS FOR A PARTICULAR PURPOSE.

configure:2222: $? = 0
configure:2211: gcc -v >&5
Using built-in specs.
COLLECT_GCC=gcc
COLLECT_LTO_WRAPPER=/usr/lib/gcc/x86_64-linux-gnu/4.8/lto-wrapper
Target: x86_64-linux-gnu
Configured with: ../src/configure -v --with-pkgversion='Ubuntu 4.8.4-2ubuntu1~14.04.1' --with-bugurl=file:///usr/share/doc/gcc-4.8/README.Bugs --enable-languages=c,c++,java,go,d,fortran,objc,obj-c++ --prefix=/usr --program-suffix=-4.8 --enable-shared --enable-linker-build-id --libexecdir=/usr/lib --without-included-gettext --enable-threads=posix --with-gxx-include-dir=/usr/include/c++/4.8 --libdir=/usr/lib --enable-nls --with-sysroot=/ --enable-clocale=gnu --enable-libstdcxx-debug --enable-libstdcxx-time=yes --enable-gnu-unique-object --disable-libmudflap --enable-plugin --with-system-zlib --disable-browser-plugin --enable-java-awt=gtk --enable-gtk-cairo --with-java-home=/usr/lib/jvm/java-1.5.0-gcj-4.8-amd64/jre --enable-java-home --with-jvm-root-dir=/usr/lib/jvm/java-1.5.0-gcj-4.8-amd64 --with-jvm-jar-dir=/usr/lib/jvm-exports/java-1.5.0-gcj-4.8-amd64 --with-arch-directory=amd64 --with-ecj-jar=/usr/share/java/eclipse-ecj.jar --enable-objc-gc --enable-multiarch --disable-werror --with-arch-32=i686 --with-abi=m64 --with-multilib-list=m32,m64,mx32 --with-tune=generic --enable-checking=release --build=x86_64-linux-gnu --host=x86_64-linux-gnu --target=x86_64-linux-gnu
Thread model: posix
gcc version 4.8.4 (Ubuntu 4.8.4-2ubuntu1~14.04.1) 
configure:2222: $? = 0
configure:2211: gcc -V >&5
gcc: error: unrecognized command line option '-V'
gcc: fatal error: no input files
compilation terminated.
configure:2222: $? = 4
configure:2211: gcc -qversion >&5
gcc: error: unrecognized command line option '-qversion'
gcc: fatal error: no input files
compilation terminated.
configure:2222: $? = 4
configure:2242: checking whether the C compiler works
configure:2264: gcc -I/home/roop/project/atosl/libelf-0.8.9/lib -DHAVE_LIBELF_H   conftest.c  >&5
configure:2268: $? = 0
configure:2316: result: yes
configure:2319: checking for C compiler default output file name
configure:2321: result: a.out
configure:2327: checking for suffix of executables
configure:2334: gcc -o conftest -I/home/roop/project/atosl/libelf-0.8.9/lib -DHAVE_LIBELF_H   conftest.c  >&5
configure:2338: $? = 0
configure:2360: result: 
configure:2382: checking whether we are cross compiling
configure:2390: gcc -o conftest -I/home/roop/project/atosl/libelf-0.8.9/lib -DHAVE_LIBELF_H   conftest.c  >&5
configure:2394: $? = 0
configure:2401: ./conftest
configure:2405: $? = 0
configure:2420: result: no
configure:2425: checking for suffix of object files
configure:2447: gcc -c -I/home/roop/project/atosl/libelf-0.8.9/lib -DHAVE_LIBELF_H  conftest.c >&5
configure:2451: $? = 0
configure:2472: result: o
configure:2476: checking whether we are using the GNU C compiler
configure:2495: gcc -c -I/home/roop/project/atosl/libelf-0.8.9/lib -DHAVE_LIBELF_H  conftest.c >&5
configure:2495: $? = 0
configure:2504: result: yes
configure:2513: checking whether gcc accepts -g
configure:2533: gcc -c -g  conftest.c >&5
configure:2533: $? = 0
configure:2574: result: yes
configure:2591: checking for gcc option to accept ISO C89
configure:2654: gcc  -c -I/home/roop/project/atosl/libelf-0.8.9/lib -DHAVE_LIBELF_H  conftest.c >&5
configure:2654: $? = 0
configure:2667: result: none needed
configure:2693: checking how to run the C preprocessor
configure:2724: gcc -E  conftest.c
configure:2724: $? = 0
configure:2738: gcc -E  conftest.c
conftest.c:9:28: fatal error: ac_nonexistent.h: No such file or directory
 #include <ac_nonexistent.h>
                            ^
compilation terminated.
configure:2738: $? = 1
configure: failed program was:
| /* confdefs.h */
| #define PACKAGE_NAME ""
| #define PACKAGE_TARNAME ""
| #define PACKAGE_VERSION ""
| #define PACKAGE_STRING ""
| #define PACKAGE_BUGREPORT ""
| #define PACKAGE_URL ""
| /* end confdefs.h.  */
| #include <ac_nonexistent.h>
configure:2763: result: gcc -E
configure:2783: gcc -E  conftest.c
configure:2783: $? = 0
configure:2797: gcc -E  conftest.c
conftest.c:9:28: fatal error: ac_nonexistent.h: No such file or directory
 #include <ac_nonexistent.h>
                            ^
compilation terminated.
configure:2797: $? = 1
configure: failed program was:
| /* confdefs.h */
| #define PACKAGE_NAME ""
| #define PACKAGE_TARNAME ""
| #define PACKAGE_VERSION ""
| #define PACKAGE_STRING ""
| #define PACKAGE_BUGREPORT ""
| #define PACKAGE_URL ""
| /* end confdefs.h.  */
| #include <ac_nonexistent.h>
configure:2826: checking for grep that handles long lines and -e
configure:2884: result: /bin/grep
configure:2889: checking for egrep
configure:2951: result: /bin/grep -E
configure:2956: checking for ANSI C header files
configure:2976: gcc -c -I/home/roop/project/atosl/libelf-0.8.9/lib -DHAVE_LIBELF_H  conftest.c >&5
configure:2976: $? = 0
configure:3049: gcc -o conftest -I/home/roop/project/atosl/libelf-0.8.9/lib -DHAVE_LIBELF_H   conftest.c  >&5
configure:3049: $? = 0
configure:3049: ./conftest
configure:3049: $? = 0
configure:3060: result: yes
configure:3073: checking for sys/types.h
configure:3073: gcc -c -I/home/roop/project/atosl/libelf-0.8.9/lib -DHAVE_LIBELF_H  conftest.c >&5
configure:3073: $? = 0
configure:3073: result: yes
configure:3073: checking for sys/stat.h
configure:3073: gcc -c -I/home/roop/project/atosl/libelf-0.8.9/lib -DHAVE_LIBELF_H  conftest.c >&5
configure:3073: $? = 0
configure:3073: result: yes
configure:3073: checking for stdlib.h
configure:3073: gcc -c -I/home/roop/project/atosl/libelf-0.8.9/lib -DHAVE_LIBELF_H  conftest.c >&5
configure:3073: $? = 0
configure:3073: result: yes
configure:3073: checking for string.h
configure:3073: gcc -c -I/home/roop/project/atosl/libelf-0.8.9/lib -DHAVE_LIBELF_H  conftest.c >&5
configure:3073: $? = 0
configure:3073: result: yes
configure:3073: checking for memory.h
configure:3073: gcc -c -I/home/roop/project/atosl/libelf-0.8.9/lib -DHAVE_LIBELF_H  conftest.c >&5
configure:3073: $? = 0
configure:3073: result: yes
configure:3073: checking for strings.h
configure:3073: gcc -c -I/home/roop/project/atosl/libelf-0.8.9/lib -DHAVE_LIBELF_H  conftest.c >&5
configure:3073: $? = 0
configure:3073: result: yes
configure:3073: checking for inttypes.h
configure:3073: gcc -c -I/home/roop/project/atosl/libelf-0.8.9/lib -DHAVE_LIBELF_H  conftest.c >&5
configure:3073: $? = 0
configure:3073: result: yes
configure:3073: checking for stdint.h
configure:3073: gcc -c -I/home/roop/project/atosl/libelf-0.8.9/lib -DHAVE_LIBELF_H  conftest.c >&5
configure:3073: $? = 0
configure:3073: result: yes
configure:3073: checking for unistd.h
configure:3073: gcc -c -I/home/roop/project/atosl/libelf-0.8.9/lib -DHAVE_LIBELF_H  conftest.c >&5
configure:3073: $? = 0
configure:3073: result: yes
configure:3085: checking whether byte ordering is bigendian
configure:3100: gcc -c -I/home/roop/project/atosl/libelf-0.8.9/lib -DHAVE_LIBELF_H  conftest.c >&5
conftest.c:20:9: error: unknown type name 'not'
         not a universal capable compiler
         ^
conftest.c:20:15: error: expected '=', ',', ';', 'asm' or '__attribute__' before 'universal'
         not a universal capable compiler
               ^
conftest.c:20:15: error: unknown type name 'universal'
configure:3100: $? = 1
configure: failed program was:
| /* confdefs.h */
| #define PACKAGE_NAME ""
| #define PACKAGE_TARNAME ""
| #define PACKAGE_VERSION ""
| #define PACKAGE_STRING ""
| #define PACKAGE_BUGREPORT ""
| #define PACKAGE_URL ""
| #define STDC_HEADERS 1
| #define HAVE_SYS_TYPES_H 1
| #define HAVE_SYS_STAT_H 1
| #define HAVE_STDLIB_H 1
| #define HAVE_STRING_H 1
| #define HAVE_MEMORY_H 1
| #define HAVE_STRINGS_H 1
| #define HAVE_INTTYPES_H 1
| #define HAVE_STDINT_H 1
| #define HAVE_UNISTD_H 1
| /* end confdefs.h.  */
| #ifndef __APPLE_CC__
| 	       not a universal capable compiler
| 	     #endif
| 	     typedef int dummy;
| 
configure:3145: gcc -c -I/home/roop/project/atosl/libelf-0.8.9/lib -DHAVE_LIBELF_H  conftest.c >&5
configure:3145: $? = 0
configure:3163: gcc -c -I/home/roop/project/atosl/libelf-0.8.9/lib -DHAVE_LIBELF_H  conftest.c >&5
conftest.c: In function 'main':
conftest.c:26:4: error: unknown type name 'not'
    not big endian
    ^
conftest.c:26:12: error: expected '=', ',', ';', 'asm' or '__attribute__' before 'endian'
    not big endian
            ^
configure:3163: $? = 1
configure: failed program was:
| /* confdefs.h */
| #define PACKAGE_NAME ""
| #define PACKAGE_TARNAME ""
| #define PACKAGE_VERSION ""
| #define PACKAGE_STRING ""
| #define PACKAGE_BUGREPORT ""
| #define PACKAGE_URL ""
| #define STDC_HEADERS 1
| #define HAVE_SYS_TYPES_H 1
| #define HAVE_SYS_STAT_H 1
| #define HAVE_STDLIB_H 1
| #define HAVE_STRING_H 1
| #define HAVE_MEMORY_H 1
| #define HAVE_STRINGS_H 1
| #define HAVE_INTTYPES_H 1
| #define HAVE_STDINT_H 1
| #define HAVE_UNISTD_H 1
| /* end confdefs.h.  */
| #include <sys/types.h>
| 		#include <sys/param.h>
| 
| int
| main ()
| {
| #if BYTE_ORDER != BIG_ENDIAN
| 		 not big endian
| 		#endif
| 
|   ;
|   return 0;
| }
configure:3291: result: no
configure:3310: checking whether gcc needs -traditional
configure:3344: result: no
configure:3394: checking for a BSD-compatible install
configure:3462: result: /usr/bin/install -c
configure:3516: checking for ranlib
configure:3532: found /usr/bin/ranlib
configure:3543: result: ranlib
configure:3608: checking for ar
configure:3624: found /usr/bin/ar
configure:3635: result: ar
configure:3816: creating ./config.status

## ---------------------- ##
## Running config.status. ##
## ---------------------- ##

This file was extended by config.status, which was
generated by GNU Autoconf 2.69.  Invocation command line was

  CONFIG_FILES    = 
  CONFIG_HEADERS  = 
  CONFIG_LINKS    = 
  CONFIG_COMMANDS = 
  $ ./config.status 

on roop

config.status:806: creating Makefile
config.status:806: creating config.h
config.status:981: config.h is unchanged
configure:5046: === configuring in libdwarf (/home/roop/project/atosl/dwarf-20160613/libdwarf)
configure:5109: running /bin/bash ./configure --disable-option-checking '--prefix=/usr/local'  'CFLAGS=-I/home/roop/project/atosl/libelf-0.8.9/lib -DHAVE_LIBELF_H' --cache-file=/dev/null --srcdir=.
configure:5046: === configuring in dwarfdump (/home/roop/project/atosl/dwarf-20160613/dwarfdump)
configure:5109: running /bin/bash ./configure --disable-option-checking '--prefix=/usr/local'  'CFLAGS=-I/home/roop/project/atosl/libelf-0.8.9/lib -DHAVE_LIBELF_H' --cache-file=/dev/null --srcdir=.
configure:5046: === configuring in dwarfgen (/home/roop/project/atosl/dwarf-20160613/dwarfgen)
configure:5109: running /bin/bash ./configure --disable-option-checking '--prefix=/usr/local'  'CFLAGS=-I/home/roop/project/atosl/libelf-0.8.9/lib -DHAVE_LIBELF_H' --cache-file=/dev/null --srcdir=.
configure:5046: === configuring in dwarfexample (/home/roop/project/atosl/dwarf-20160613/dwarfexample)
configure:5109: running /bin/bash ./configure --disable-option-checking '--prefix=/usr/local'  'CFLAGS=-I/home/roop/project/atosl/libelf-0.8.9/lib -DHAVE_LIBELF_H' --cache-file=/dev/null --srcdir=.

## ---------------- ##
## Cache variables. ##
## ---------------- ##

ac_cv_c_bigendian=no
ac_cv_c_compiler_gnu=yes
ac_cv_env_CC_set=
ac_cv_env_CC_value=
ac_cv_env_CFLAGS_set=set
ac_cv_env_CFLAGS_value='-I/home/roop/project/atosl/libelf-0.8.9/lib -DHAVE_LIBELF_H'
ac_cv_env_CPPFLAGS_set=
ac_cv_env_CPPFLAGS_value=
ac_cv_env_CPP_set=
ac_cv_env_CPP_value=
ac_cv_env_LDFLAGS_set=
ac_cv_env_LDFLAGS_value=
ac_cv_env_LIBS_set=
ac_cv_env_LIBS_value=
ac_cv_env_build_alias_set=
ac_cv_env_build_alias_value=
ac_cv_env_host_alias_set=
ac_cv_env_host_alias_value=
ac_cv_env_target_alias_set=
ac_cv_env_target_alias_value=
ac_cv_header_inttypes_h=yes
ac_cv_header_memory_h=yes
ac_cv_header_stdc=yes
ac_cv_header_stdint_h=yes
ac_cv_header_stdlib_h=yes
ac_cv_header_string_h=yes
ac_cv_header_strings_h=yes
ac_cv_header_sys_stat_h=yes
ac_cv_header_sys_types_h=yes
ac_cv_header_unistd_h=yes
ac_cv_objext=o
ac_cv_path_EGREP='/bin/grep -E'
ac_cv_path_GREP=/bin/grep
ac_cv_path_install='/usr/bin/install -c'
ac_cv_prog_CPP='gcc -E'
ac_cv_prog_ac_ct_AR=ar
ac_cv_prog_ac_ct_CC=gcc
ac_cv_prog_ac_ct_RANLIB=ranlib
ac_cv_prog_cc_c89=
ac_cv_prog_cc_g=yes
ac_cv_prog_gcc_traditional=no

## ----------------- ##
## Output variables. ##
## ----------------- ##

AR='ar'
CC='gcc'
CFLAGS='-I/home/roop/project/atosl/libelf-0.8.9/lib -DHAVE_LIBELF_H'
CPP='gcc -E'
CPPFLAGS=''
DEFS='-DHAVE_CONFIG_H'
ECHO_C=''
ECHO_N='-n'
ECHO_T=''
EGREP='/bin/grep -E'
EXEEXT=''
GREP='/bin/grep'
INSTALL_DATA='${INSTALL} -m 644'
INSTALL_PROGRAM='${INSTALL}'
INSTALL_SCRIPT='${INSTALL}'
LDFLAGS=''
LIBOBJS=''
LIBS=''
LTLIBOBJS=''
OBJEXT='o'
PACKAGE_BUGREPORT=''
PACKAGE_NAME=''
PACKAGE_STRING=''
PACKAGE_TARNAME=''
PACKAGE_URL=''
PACKAGE_VERSION=''
PATH_SEPARATOR=':'
RANLIB='ranlib'
SHELL='/bin/bash'
ac_ct_CC='gcc'
bindir='${exec_prefix}/bin'
build_alias=''
build_nonshared='none.a'
datadir='${datarootdir}'
datarootdir='${prefix}/share'
docdir='${datarootdir}/doc/${PACKAGE}'
dvidir='${docdir}'
dwfpic='-fPIC'
exec_prefix='${prefix}'
host_alias=''
htmldir='${docdir}'
includedir='${prefix}/include'
infodir='${datarootdir}/info'
libdir='${exec_prefix}/lib'
libexecdir='${exec_prefix}/libexec'
localedir='${datarootdir}/locale'
localstatedir='${prefix}/var'
mandir='${datarootdir}/man'
oldincludedir='/usr/include'
pdfdir='${docdir}'
prefix='/usr/local'
program_transform_name='s,x,x,'
psdir='${docdir}'
sbindir='${exec_prefix}/sbin'
sharedstatedir='${prefix}/com'
subdirs=' libdwarf dwarfdump dwarfgen dwarfexample'
sysconfdir='${prefix}/etc'
target_alias=''

## ----------- ##
## confdefs.h. ##
## ----------- ##

/* confdefs.h */
#define PACKAGE_NAME ""
#define PACKAGE_TARNAME ""
#define PACKAGE_VERSION ""
#define PACKAGE_STRING ""
#define PACKAGE_BUGREPORT ""
#define PACKAGE_URL ""
#define STDC_HEADERS 1
#define HAVE_SYS_TYPES_H 1
#define HAVE_SYS_STAT_H 1
#define HAVE_STDLIB_H 1
#define HAVE_STRING_H 1
#define HAVE_MEMORY_H 1
#define HAVE_STRINGS_H 1
#define HAVE_INTTYPES_H 1
#define HAVE_STDINT_H 1
#define HAVE_UNISTD_H 1

configure: exit 0
