This file contains any messages produced by compilers while
running configure, to aid debugging if configure makes a mistake.

It was created by configure, which was
generated by GNU Autoconf 2.69.  Invocation command line was

  $ ./configure --disable-option-checking --prefix=/usr/local CFLAGS=-I/home/roop/project/atosl/libelf-0.8.9/lib -DHAVE_LIBELF_H --cache-file=/dev/null --srcdir=.

## --------- ##
## Platform. ##
## --------- ##

hostname = roop
uname -m = x86_64
uname -r = 3.13.0-37-generic
uname -s = Linux
uname -v = #64-Ubuntu SMP Mon Sep 22 21:28:38 UTC 2014

/usr/bin/uname -p = unknown
/bin/uname -X     = unknown

/bin/arch              = unknown
/usr/bin/arch -k       = unknown
/usr/convex/getsysinfo = unknown
/usr/bin/hostinfo      = unknown
/bin/machine           = unknown
/usr/bin/oslevel       = unknown
/bin/universe          = unknown

PATH: /opt/intel/vtune_amplifier_xe_2016.3.0.463186/bin64
PATH: /home/roop/virtual_env/neovim/bin
PATH: /home/roop/bin
PATH: /usr/local/bin
PATH: /usr/bin
PATH: /bin
PATH: /usr/sbin
PATH: /sbin
PATH: /opt/X11/bin
PATH: /usr/local/3rd/bin/
PATH: /usr/local/3rd/share/
PATH: /usr/local/Cellar/tmux/1.9a/bin
PATH: /usr/local/Cellar/gcc49/4.9.2/bin
PATH: /usr/local/Cellar/lua/5.2.3_1/bin/
PATH: /usr/local/Cellar/luajit/2.0.3_1/bin
PATH: /usr/local/Cellar/unrar/5.2.3/bin


## ----------- ##
## Core tests. ##
## ----------- ##

configure:2103: checking for gcc
configure:2119: found /usr/bin/gcc
configure:2130: result: gcc
configure:2359: checking for C compiler version
configure:2368: gcc --version >&5
gcc (Ubuntu 4.8.4-2ubuntu1~14.04.1) 4.8.4
Copyright (C) 2013 Free Software Foundation, Inc.
This is free software; see the source for copying conditions.  There is NO
warranty; not even for MERCHANTABILITY or FITNESS FOR A PARTICULAR PURPOSE.

configure:2379: $? = 0
configure:2368: gcc -v >&5
Using built-in specs.
COLLECT_GCC=gcc
COLLECT_LTO_WRAPPER=/usr/lib/gcc/x86_64-linux-gnu/4.8/lto-wrapper
Target: x86_64-linux-gnu
Configured with: ../src/configure -v --with-pkgversion='Ubuntu 4.8.4-2ubuntu1~14.04.1' --with-bugurl=file:///usr/share/doc/gcc-4.8/README.Bugs --enable-languages=c,c++,java,go,d,fortran,objc,obj-c++ --prefix=/usr --program-suffix=-4.8 --enable-shared --enable-linker-build-id --libexecdir=/usr/lib --without-included-gettext --enable-threads=posix --with-gxx-include-dir=/usr/include/c++/4.8 --libdir=/usr/lib --enable-nls --with-sysroot=/ --enable-clocale=gnu --enable-libstdcxx-debug --enable-libstdcxx-time=yes --enable-gnu-unique-object --disable-libmudflap --enable-plugin --with-system-zlib --disable-browser-plugin --enable-java-awt=gtk --enable-gtk-cairo --with-java-home=/usr/lib/jvm/java-1.5.0-gcj-4.8-amd64/jre --enable-java-home --with-jvm-root-dir=/usr/lib/jvm/java-1.5.0-gcj-4.8-amd64 --with-jvm-jar-dir=/usr/lib/jvm-exports/java-1.5.0-gcj-4.8-amd64 --with-arch-directory=amd64 --with-ecj-jar=/usr/share/java/eclipse-ecj.jar --enable-objc-gc --enable-multiarch --disable-werror --with-arch-32=i686 --with-abi=m64 --with-multilib-list=m32,m64,mx32 --with-tune=generic --enable-checking=release --build=x86_64-linux-gnu --host=x86_64-linux-gnu --target=x86_64-linux-gnu
Thread model: posix
gcc version 4.8.4 (Ubuntu 4.8.4-2ubuntu1~14.04.1) 
configure:2379: $? = 0
configure:2368: gcc -V >&5
gcc: error: unrecognized command line option '-V'
gcc: fatal error: no input files
compilation terminated.
configure:2379: $? = 4
configure:2368: gcc -qversion >&5
gcc: error: unrecognized command line option '-qversion'
gcc: fatal error: no input files
compilation terminated.
configure:2379: $? = 4
configure:2399: checking whether the C compiler works
configure:2421: gcc -I/home/roop/project/atosl/libelf-0.8.9/lib -DHAVE_LIBELF_H   conftest.c  >&5
configure:2425: $? = 0
configure:2473: result: yes
configure:2476: checking for C compiler default output file name
configure:2478: result: a.out
configure:2484: checking for suffix of executables
configure:2491: gcc -o conftest -I/home/roop/project/atosl/libelf-0.8.9/lib -DHAVE_LIBELF_H   conftest.c  >&5
configure:2495: $? = 0
configure:2517: result: 
configure:2539: checking whether we are cross compiling
configure:2547: gcc -o conftest -I/home/roop/project/atosl/libelf-0.8.9/lib -DHAVE_LIBELF_H   conftest.c  >&5
configure:2551: $? = 0
configure:2558: ./conftest
configure:2562: $? = 0
configure:2577: result: no
configure:2582: checking for suffix of object files
configure:2604: gcc -c -I/home/roop/project/atosl/libelf-0.8.9/lib -DHAVE_LIBELF_H  conftest.c >&5
configure:2608: $? = 0
configure:2629: result: o
configure:2633: checking whether we are using the GNU C compiler
configure:2652: gcc -c -I/home/roop/project/atosl/libelf-0.8.9/lib -DHAVE_LIBELF_H  conftest.c >&5
configure:2652: $? = 0
configure:2661: result: yes
configure:2670: checking whether gcc accepts -g
configure:2690: gcc -c -g  conftest.c >&5
configure:2690: $? = 0
configure:2731: result: yes
configure:2748: checking for gcc option to accept ISO C89
configure:2811: gcc  -c -I/home/roop/project/atosl/libelf-0.8.9/lib -DHAVE_LIBELF_H  conftest.c >&5
configure:2811: $? = 0
configure:2824: result: none needed
configure:2850: checking how to run the C preprocessor
configure:2881: gcc -E  conftest.c
configure:2881: $? = 0
configure:2895: gcc -E  conftest.c
conftest.c:9:28: fatal error: ac_nonexistent.h: No such file or directory
 #include <ac_nonexistent.h>
                            ^
compilation terminated.
configure:2895: $? = 1
configure: failed program was:
| /* confdefs.h */
| #define PACKAGE_NAME ""
| #define PACKAGE_TARNAME ""
| #define PACKAGE_VERSION ""
| #define PACKAGE_STRING ""
| #define PACKAGE_BUGREPORT ""
| #define PACKAGE_URL ""
| /* end confdefs.h.  */
| #include <ac_nonexistent.h>
configure:2920: result: gcc -E
configure:2940: gcc -E  conftest.c
configure:2940: $? = 0
configure:2954: gcc -E  conftest.c
conftest.c:9:28: fatal error: ac_nonexistent.h: No such file or directory
 #include <ac_nonexistent.h>
                            ^
compilation terminated.
configure:2954: $? = 1
configure: failed program was:
| /* confdefs.h */
| #define PACKAGE_NAME ""
| #define PACKAGE_TARNAME ""
| #define PACKAGE_VERSION ""
| #define PACKAGE_STRING ""
| #define PACKAGE_BUGREPORT ""
| #define PACKAGE_URL ""
| /* end confdefs.h.  */
| #include <ac_nonexistent.h>
configure:2983: checking for grep that handles long lines and -e
configure:3041: result: /bin/grep
configure:3046: checking for egrep
configure:3108: result: /bin/grep -E
configure:3113: checking for ANSI C header files
configure:3133: gcc -c -I/home/roop/project/atosl/libelf-0.8.9/lib -DHAVE_LIBELF_H  conftest.c >&5
configure:3133: $? = 0
configure:3206: gcc -o conftest -I/home/roop/project/atosl/libelf-0.8.9/lib -DHAVE_LIBELF_H   conftest.c  >&5
configure:3206: $? = 0
configure:3206: ./conftest
configure:3206: $? = 0
configure:3217: result: yes
configure:3230: checking for sys/types.h
configure:3230: gcc -c -I/home/roop/project/atosl/libelf-0.8.9/lib -DHAVE_LIBELF_H  conftest.c >&5
configure:3230: $? = 0
configure:3230: result: yes
configure:3230: checking for sys/stat.h
configure:3230: gcc -c -I/home/roop/project/atosl/libelf-0.8.9/lib -DHAVE_LIBELF_H  conftest.c >&5
configure:3230: $? = 0
configure:3230: result: yes
configure:3230: checking for stdlib.h
configure:3230: gcc -c -I/home/roop/project/atosl/libelf-0.8.9/lib -DHAVE_LIBELF_H  conftest.c >&5
configure:3230: $? = 0
configure:3230: result: yes
configure:3230: checking for string.h
configure:3230: gcc -c -I/home/roop/project/atosl/libelf-0.8.9/lib -DHAVE_LIBELF_H  conftest.c >&5
configure:3230: $? = 0
configure:3230: result: yes
configure:3230: checking for memory.h
configure:3230: gcc -c -I/home/roop/project/atosl/libelf-0.8.9/lib -DHAVE_LIBELF_H  conftest.c >&5
configure:3230: $? = 0
configure:3230: result: yes
configure:3230: checking for strings.h
configure:3230: gcc -c -I/home/roop/project/atosl/libelf-0.8.9/lib -DHAVE_LIBELF_H  conftest.c >&5
configure:3230: $? = 0
configure:3230: result: yes
configure:3230: checking for inttypes.h
configure:3230: gcc -c -I/home/roop/project/atosl/libelf-0.8.9/lib -DHAVE_LIBELF_H  conftest.c >&5
configure:3230: $? = 0
configure:3230: result: yes
configure:3230: checking for stdint.h
configure:3230: gcc -c -I/home/roop/project/atosl/libelf-0.8.9/lib -DHAVE_LIBELF_H  conftest.c >&5
configure:3230: $? = 0
configure:3230: result: yes
configure:3230: checking for unistd.h
configure:3230: gcc -c -I/home/roop/project/atosl/libelf-0.8.9/lib -DHAVE_LIBELF_H  conftest.c >&5
configure:3230: $? = 0
configure:3230: result: yes
configure:3242: checking whether byte ordering is bigendian
configure:3257: gcc -c -I/home/roop/project/atosl/libelf-0.8.9/lib -DHAVE_LIBELF_H  conftest.c >&5
conftest.c:20:9: error: unknown type name 'not'
         not a universal capable compiler
         ^
conftest.c:20:15: error: expected '=', ',', ';', 'asm' or '__attribute__' before 'universal'
         not a universal capable compiler
               ^
conftest.c:20:15: error: unknown type name 'universal'
configure:3257: $? = 1
configure: failed program was:
| /* confdefs.h */
| #define PACKAGE_NAME ""
| #define PACKAGE_TARNAME ""
| #define PACKAGE_VERSION ""
| #define PACKAGE_STRING ""
| #define PACKAGE_BUGREPORT ""
| #define PACKAGE_URL ""
| #define STDC_HEADERS 1
| #define HAVE_SYS_TYPES_H 1
| #define HAVE_SYS_STAT_H 1
| #define HAVE_STDLIB_H 1
| #define HAVE_STRING_H 1
| #define HAVE_MEMORY_H 1
| #define HAVE_STRINGS_H 1
| #define HAVE_INTTYPES_H 1
| #define HAVE_STDINT_H 1
| #define HAVE_UNISTD_H 1
| /* end confdefs.h.  */
| #ifndef __APPLE_CC__
| 	       not a universal capable compiler
| 	     #endif
| 	     typedef int dummy;
| 
configure:3302: gcc -c -I/home/roop/project/atosl/libelf-0.8.9/lib -DHAVE_LIBELF_H  conftest.c >&5
configure:3302: $? = 0
configure:3320: gcc -c -I/home/roop/project/atosl/libelf-0.8.9/lib -DHAVE_LIBELF_H  conftest.c >&5
conftest.c: In function 'main':
conftest.c:26:4: error: unknown type name 'not'
    not big endian
    ^
conftest.c:26:12: error: expected '=', ',', ';', 'asm' or '__attribute__' before 'endian'
    not big endian
            ^
configure:3320: $? = 1
configure: failed program was:
| /* confdefs.h */
| #define PACKAGE_NAME ""
| #define PACKAGE_TARNAME ""
| #define PACKAGE_VERSION ""
| #define PACKAGE_STRING ""
| #define PACKAGE_BUGREPORT ""
| #define PACKAGE_URL ""
| #define STDC_HEADERS 1
| #define HAVE_SYS_TYPES_H 1
| #define HAVE_SYS_STAT_H 1
| #define HAVE_STDLIB_H 1
| #define HAVE_STRING_H 1
| #define HAVE_MEMORY_H 1
| #define HAVE_STRINGS_H 1
| #define HAVE_INTTYPES_H 1
| #define HAVE_STDINT_H 1
| #define HAVE_UNISTD_H 1
| /* end confdefs.h.  */
| #include <sys/types.h>
| 		#include <sys/param.h>
| 
| int
| main ()
| {
| #if BYTE_ORDER != BIG_ENDIAN
| 		 not big endian
| 		#endif
| 
|   ;
|   return 0;
| }
configure:3448: result: no
configure:3467: checking whether gcc needs -traditional
configure:3501: result: no
configure:3551: checking for a BSD-compatible install
configure:3619: result: /usr/bin/install -c
configure:3673: checking for ranlib
configure:3689: found /usr/bin/ranlib
configure:3700: result: ranlib
configure:3765: checking for ar
configure:3781: found /usr/bin/ar
configure:3792: result: ar
configure:3819: checking alloca.h usability
configure:3819: gcc -c -I/home/roop/project/atosl/libelf-0.8.9/lib -DHAVE_LIBELF_H  conftest.c >&5
configure:3819: $? = 0
configure:3819: result: yes
configure:3819: checking alloca.h presence
configure:3819: gcc -E  conftest.c
configure:3819: $? = 0
configure:3819: result: yes
configure:3819: checking for alloca.h
configure:3819: result: yes
configure:3819: checking elf.h usability
configure:3819: gcc -c -I/home/roop/project/atosl/libelf-0.8.9/lib -DHAVE_LIBELF_H  conftest.c >&5
configure:3819: $? = 0
configure:3819: result: yes
configure:3819: checking elf.h presence
configure:3819: gcc -E  conftest.c
configure:3819: $? = 0
configure:3819: result: yes
configure:3819: checking for elf.h
configure:3819: result: yes
configure:3819: checking elfaccess.h usability
configure:3819: gcc -c -I/home/roop/project/atosl/libelf-0.8.9/lib -DHAVE_LIBELF_H  conftest.c >&5
conftest.c:54:23: fatal error: elfaccess.h: No such file or directory
 #include <elfaccess.h>
                       ^
compilation terminated.
configure:3819: $? = 1
configure: failed program was:
| /* confdefs.h */
| #define PACKAGE_NAME ""
| #define PACKAGE_TARNAME ""
| #define PACKAGE_VERSION ""
| #define PACKAGE_STRING ""
| #define PACKAGE_BUGREPORT ""
| #define PACKAGE_URL ""
| #define STDC_HEADERS 1
| #define HAVE_SYS_TYPES_H 1
| #define HAVE_SYS_STAT_H 1
| #define HAVE_STDLIB_H 1
| #define HAVE_STRING_H 1
| #define HAVE_MEMORY_H 1
| #define HAVE_STRINGS_H 1
| #define HAVE_INTTYPES_H 1
| #define HAVE_STDINT_H 1
| #define HAVE_UNISTD_H 1
| #define HAVE_ALLOCA_H 1
| #define HAVE_ELF_H 1
| /* end confdefs.h.  */
| #include <stdio.h>
| #ifdef HAVE_SYS_TYPES_H
| # include <sys/types.h>
| #endif
| #ifdef HAVE_SYS_STAT_H
| # include <sys/stat.h>
| #endif
| #ifdef STDC_HEADERS
| # include <stdlib.h>
| # include <stddef.h>
| #else
| # ifdef HAVE_STDLIB_H
| #  include <stdlib.h>
| # endif
| #endif
| #ifdef HAVE_STRING_H
| # if !defined STDC_HEADERS && defined HAVE_MEMORY_H
| #  include <memory.h>
| # endif
| # include <string.h>
| #endif
| #ifdef HAVE_STRINGS_H
| # include <strings.h>
| #endif
| #ifdef HAVE_INTTYPES_H
| # include <inttypes.h>
| #endif
| #ifdef HAVE_STDINT_H
| # include <stdint.h>
| #endif
| #ifdef HAVE_UNISTD_H
| # include <unistd.h>
| #endif
| #include <elfaccess.h>
configure:3819: result: no
configure:3819: checking elfaccess.h presence
configure:3819: gcc -E  conftest.c
conftest.c:21:23: fatal error: elfaccess.h: No such file or directory
 #include <elfaccess.h>
                       ^
compilation terminated.
configure:3819: $? = 1
configure: failed program was:
| /* confdefs.h */
| #define PACKAGE_NAME ""
| #define PACKAGE_TARNAME ""
| #define PACKAGE_VERSION ""
| #define PACKAGE_STRING ""
| #define PACKAGE_BUGREPORT ""
| #define PACKAGE_URL ""
| #define STDC_HEADERS 1
| #define HAVE_SYS_TYPES_H 1
| #define HAVE_SYS_STAT_H 1
| #define HAVE_STDLIB_H 1
| #define HAVE_STRING_H 1
| #define HAVE_MEMORY_H 1
| #define HAVE_STRINGS_H 1
| #define HAVE_INTTYPES_H 1
| #define HAVE_STDINT_H 1
| #define HAVE_UNISTD_H 1
| #define HAVE_ALLOCA_H 1
| #define HAVE_ELF_H 1
| /* end confdefs.h.  */
| #include <elfaccess.h>
configure:3819: result: no
configure:3819: checking for elfaccess.h
configure:3819: result: no
configure:3819: checking libelf.h usability
configure:3819: gcc -c -I/home/roop/project/atosl/libelf-0.8.9/lib -DHAVE_LIBELF_H  conftest.c >&5
configure:3819: $? = 0
configure:3819: result: yes
configure:3819: checking libelf.h presence
configure:3819: gcc -E  conftest.c
configure:3819: $? = 0
configure:3819: result: yes
configure:3819: checking for libelf.h
configure:3819: result: yes
configure:3819: checking libelf/libelf.h usability
configure:3819: gcc -c -I/home/roop/project/atosl/libelf-0.8.9/lib -DHAVE_LIBELF_H  conftest.c >&5
configure:3819: $? = 0
configure:3819: result: yes
configure:3819: checking libelf/libelf.h presence
configure:3819: gcc -E  conftest.c
conftest.c:22:27: fatal error: libelf/libelf.h: No such file or directory
 #include <libelf/libelf.h>
                           ^
compilation terminated.
configure:3819: $? = 1
configure: failed program was:
| /* confdefs.h */
| #define PACKAGE_NAME ""
| #define PACKAGE_TARNAME ""
| #define PACKAGE_VERSION ""
| #define PACKAGE_STRING ""
| #define PACKAGE_BUGREPORT ""
| #define PACKAGE_URL ""
| #define STDC_HEADERS 1
| #define HAVE_SYS_TYPES_H 1
| #define HAVE_SYS_STAT_H 1
| #define HAVE_STDLIB_H 1
| #define HAVE_STRING_H 1
| #define HAVE_MEMORY_H 1
| #define HAVE_STRINGS_H 1
| #define HAVE_INTTYPES_H 1
| #define HAVE_STDINT_H 1
| #define HAVE_UNISTD_H 1
| #define HAVE_ALLOCA_H 1
| #define HAVE_ELF_H 1
| #define HAVE_LIBELF_H 1
| /* end confdefs.h.  */
| #include <libelf/libelf.h>
configure:3819: result: no
configure:3819: WARNING: libelf/libelf.h: accepted by the compiler, rejected by the preprocessor!
configure:3819: WARNING: libelf/libelf.h: proceeding with the compiler's result
configure:3819: checking for libelf/libelf.h
configure:3819: result: yes
configure:3819: checking for sys/types.h
configure:3819: result: yes
configure:3819: checking sys/ia64/elf.h usability
configure:3819: gcc -c -I/home/roop/project/atosl/libelf-0.8.9/lib -DHAVE_LIBELF_H  conftest.c >&5
conftest.c:57:26: fatal error: sys/ia64/elf.h: No such file or directory
 #include <sys/ia64/elf.h>
                          ^
compilation terminated.
configure:3819: $? = 1
configure: failed program was:
| /* confdefs.h */
| #define PACKAGE_NAME ""
| #define PACKAGE_TARNAME ""
| #define PACKAGE_VERSION ""
| #define PACKAGE_STRING ""
| #define PACKAGE_BUGREPORT ""
| #define PACKAGE_URL ""
| #define STDC_HEADERS 1
| #define HAVE_SYS_TYPES_H 1
| #define HAVE_SYS_STAT_H 1
| #define HAVE_STDLIB_H 1
| #define HAVE_STRING_H 1
| #define HAVE_MEMORY_H 1
| #define HAVE_STRINGS_H 1
| #define HAVE_INTTYPES_H 1
| #define HAVE_STDINT_H 1
| #define HAVE_UNISTD_H 1
| #define HAVE_ALLOCA_H 1
| #define HAVE_ELF_H 1
| #define HAVE_LIBELF_H 1
| #define HAVE_LIBELF_LIBELF_H 1
| #define HAVE_SYS_TYPES_H 1
| /* end confdefs.h.  */
| #include <stdio.h>
| #ifdef HAVE_SYS_TYPES_H
| # include <sys/types.h>
| #endif
| #ifdef HAVE_SYS_STAT_H
| # include <sys/stat.h>
| #endif
| #ifdef STDC_HEADERS
| # include <stdlib.h>
| # include <stddef.h>
| #else
| # ifdef HAVE_STDLIB_H
| #  include <stdlib.h>
| # endif
| #endif
| #ifdef HAVE_STRING_H
| # if !defined STDC_HEADERS && defined HAVE_MEMORY_H
| #  include <memory.h>
| # endif
| # include <string.h>
| #endif
| #ifdef HAVE_STRINGS_H
| # include <strings.h>
| #endif
| #ifdef HAVE_INTTYPES_H
| # include <inttypes.h>
| #endif
| #ifdef HAVE_STDINT_H
| # include <stdint.h>
| #endif
| #ifdef HAVE_UNISTD_H
| # include <unistd.h>
| #endif
| #include <sys/ia64/elf.h>
configure:3819: result: no
configure:3819: checking sys/ia64/elf.h presence
configure:3819: gcc -E  conftest.c
conftest.c:24:26: fatal error: sys/ia64/elf.h: No such file or directory
 #include <sys/ia64/elf.h>
                          ^
compilation terminated.
configure:3819: $? = 1
configure: failed program was:
| /* confdefs.h */
| #define PACKAGE_NAME ""
| #define PACKAGE_TARNAME ""
| #define PACKAGE_VERSION ""
| #define PACKAGE_STRING ""
| #define PACKAGE_BUGREPORT ""
| #define PACKAGE_URL ""
| #define STDC_HEADERS 1
| #define HAVE_SYS_TYPES_H 1
| #define HAVE_SYS_STAT_H 1
| #define HAVE_STDLIB_H 1
| #define HAVE_STRING_H 1
| #define HAVE_MEMORY_H 1
| #define HAVE_STRINGS_H 1
| #define HAVE_INTTYPES_H 1
| #define HAVE_STDINT_H 1
| #define HAVE_UNISTD_H 1
| #define HAVE_ALLOCA_H 1
| #define HAVE_ELF_H 1
| #define HAVE_LIBELF_H 1
| #define HAVE_LIBELF_LIBELF_H 1
| #define HAVE_SYS_TYPES_H 1
| /* end confdefs.h.  */
| #include <sys/ia64/elf.h>
configure:3819: result: no
configure:3819: checking for sys/ia64/elf.h
configure:3819: result: no
configure:3833: checking for elf64_getehdr in -lelf
configure:3858: gcc -o conftest -I/home/roop/project/atosl/libelf-0.8.9/lib -DHAVE_LIBELF_H   conftest.c -lelf   >&5
configure:3858: $? = 0
configure:3867: result: yes
configure:3875: checking for elf64_getshdr in -lelf
configure:3900: gcc -o conftest -I/home/roop/project/atosl/libelf-0.8.9/lib -DHAVE_LIBELF_H   conftest.c -lelf   >&5
configure:3900: $? = 0
configure:3909: result: yes
configure:3928: gcc -c -I/home/roop/project/atosl/libelf-0.8.9/lib -DHAVE_LIBELF_H  conftest.c >&5
conftest.c: In function 'main':
conftest.c:30:1: error: unknown type name '__uint32_t'
 __uint32_t p; p = 3;
 ^
configure:3928: $? = 1
configure: failed program was:
| /* confdefs.h */
| #define PACKAGE_NAME ""
| #define PACKAGE_TARNAME ""
| #define PACKAGE_VERSION ""
| #define PACKAGE_STRING ""
| #define PACKAGE_BUGREPORT ""
| #define PACKAGE_URL ""
| #define STDC_HEADERS 1
| #define HAVE_SYS_TYPES_H 1
| #define HAVE_SYS_STAT_H 1
| #define HAVE_STDLIB_H 1
| #define HAVE_STRING_H 1
| #define HAVE_MEMORY_H 1
| #define HAVE_STRINGS_H 1
| #define HAVE_INTTYPES_H 1
| #define HAVE_STDINT_H 1
| #define HAVE_UNISTD_H 1
| #define HAVE_ALLOCA_H 1
| #define HAVE_ELF_H 1
| #define HAVE_LIBELF_H 1
| #define HAVE_LIBELF_LIBELF_H 1
| #define HAVE_SYS_TYPES_H 1
| #define HAVE_ELF64_GETEHDR 1
| #define HAVE_ELF64_GETSHDR 1
| /* end confdefs.h.  */
| 
| int
| main ()
| {
| __uint32_t p; p = 3;
|   ;
|   return 0;
| }
configure:3945: gcc -c -I/home/roop/project/atosl/libelf-0.8.9/lib -DHAVE_LIBELF_H  conftest.c >&5
conftest.c: In function 'main':
conftest.c:30:1: error: unknown type name '__uint64_t'
 __uint64_t p; p = 3;
 ^
configure:3945: $? = 1
configure: failed program was:
| /* confdefs.h */
| #define PACKAGE_NAME ""
| #define PACKAGE_TARNAME ""
| #define PACKAGE_VERSION ""
| #define PACKAGE_STRING ""
| #define PACKAGE_BUGREPORT ""
| #define PACKAGE_URL ""
| #define STDC_HEADERS 1
| #define HAVE_SYS_TYPES_H 1
| #define HAVE_SYS_STAT_H 1
| #define HAVE_STDLIB_H 1
| #define HAVE_STRING_H 1
| #define HAVE_MEMORY_H 1
| #define HAVE_STRINGS_H 1
| #define HAVE_INTTYPES_H 1
| #define HAVE_STDINT_H 1
| #define HAVE_UNISTD_H 1
| #define HAVE_ALLOCA_H 1
| #define HAVE_ELF_H 1
| #define HAVE_LIBELF_H 1
| #define HAVE_LIBELF_LIBELF_H 1
| #define HAVE_SYS_TYPES_H 1
| #define HAVE_ELF64_GETEHDR 1
| #define HAVE_ELF64_GETSHDR 1
| /* end confdefs.h.  */
| 
| int
| main ()
| {
| __uint64_t p; p = 3;
|   ;
|   return 0;
| }
configure:3962: gcc -c -I/home/roop/project/atosl/libelf-0.8.9/lib -DHAVE_LIBELF_H  conftest.c >&5
configure:3962: $? = 0
configure:3979: gcc -c -I/home/roop/project/atosl/libelf-0.8.9/lib -DHAVE_LIBELF_H  conftest.c >&5
configure:3979: $? = 0
configure:3985: checking compiler supports __attribute__ unused 
configure:4004: gcc -o conftest -I/home/roop/project/atosl/libelf-0.8.9/lib -DHAVE_LIBELF_H   conftest.c  >&5
configure:4004: $? = 0
configure:4004: ./conftest
configure:4004: $? = 0
configure:4008: result: yes
configure:4020: checking zlib.h usability
configure:4042: gcc -c -I/home/roop/project/atosl/libelf-0.8.9/lib -DHAVE_LIBELF_H  conftest.c >&5
configure:4042: $? = 0
configure:4043: result: yes
configure:4069: gcc -c -I/home/roop/project/atosl/libelf-0.8.9/lib -DHAVE_LIBELF_H  conftest.c >&5
conftest.c:31:36: error: conflicting types for 'Elf'
   struct _Elf; typedef struct _Elf Elf;
                                    ^
In file included from conftest.c:30:0:
/home/roop/project/atosl/libelf-0.8.9/lib/libelf/libelf.h:116:20: note: previous declaration of 'Elf' was here
 typedef struct Elf Elf;
                    ^
configure:4069: $? = 1
configure: failed program was:
| /* confdefs.h */
| #define PACKAGE_NAME ""
| #define PACKAGE_TARNAME ""
| #define PACKAGE_VERSION ""
| #define PACKAGE_STRING ""
| #define PACKAGE_BUGREPORT ""
| #define PACKAGE_URL ""
| #define STDC_HEADERS 1
| #define HAVE_SYS_TYPES_H 1
| #define HAVE_SYS_STAT_H 1
| #define HAVE_STDLIB_H 1
| #define HAVE_STRING_H 1
| #define HAVE_MEMORY_H 1
| #define HAVE_STRINGS_H 1
| #define HAVE_INTTYPES_H 1
| #define HAVE_STDINT_H 1
| #define HAVE_UNISTD_H 1
| #define HAVE_ALLOCA_H 1
| #define HAVE_ELF_H 1
| #define HAVE_LIBELF_H 1
| #define HAVE_LIBELF_LIBELF_H 1
| #define HAVE_SYS_TYPES_H 1
| #define HAVE_ELF64_GETEHDR 1
| #define HAVE_ELF64_GETSHDR 1
| #define HAVE___UINT32_T_IN_SYS_TYPES_H 1
| #define HAVE___UINT64_T_IN_SYS_TYPES_H 1
| #define HAVE_UNUSED_ATTRIBUTE 1
| #define HAVE_ZLIB 1
| /* end confdefs.h.  */
| #include <libelf/libelf.h>
|   struct _Elf; typedef struct _Elf Elf;
| int
| main ()
| {
| struct _Elf *a = 0;
|   ;
|   return 0;
| }
configure:4089: gcc -c -I/home/roop/project/atosl/libelf-0.8.9/lib -DHAVE_LIBELF_H  conftest.c >&5
conftest.c:31:36: error: conflicting types for 'Elf'
   struct _Elf; typedef struct _Elf Elf;
                                    ^
In file included from conftest.c:30:0:
/home/roop/project/atosl/libelf-0.8.9/lib/libelf.h:116:20: note: previous declaration of 'Elf' was here
 typedef struct Elf Elf;
                    ^
configure:4089: $? = 1
configure: failed program was:
| /* confdefs.h */
| #define PACKAGE_NAME ""
| #define PACKAGE_TARNAME ""
| #define PACKAGE_VERSION ""
| #define PACKAGE_STRING ""
| #define PACKAGE_BUGREPORT ""
| #define PACKAGE_URL ""
| #define STDC_HEADERS 1
| #define HAVE_SYS_TYPES_H 1
| #define HAVE_SYS_STAT_H 1
| #define HAVE_STDLIB_H 1
| #define HAVE_STRING_H 1
| #define HAVE_MEMORY_H 1
| #define HAVE_STRINGS_H 1
| #define HAVE_INTTYPES_H 1
| #define HAVE_STDINT_H 1
| #define HAVE_UNISTD_H 1
| #define HAVE_ALLOCA_H 1
| #define HAVE_ELF_H 1
| #define HAVE_LIBELF_H 1
| #define HAVE_LIBELF_LIBELF_H 1
| #define HAVE_SYS_TYPES_H 1
| #define HAVE_ELF64_GETEHDR 1
| #define HAVE_ELF64_GETSHDR 1
| #define HAVE___UINT32_T_IN_SYS_TYPES_H 1
| #define HAVE___UINT64_T_IN_SYS_TYPES_H 1
| #define HAVE_UNUSED_ATTRIBUTE 1
| #define HAVE_ZLIB 1
| /* end confdefs.h.  */
| #include <libelf.h>
|   struct _Elf; typedef struct _Elf Elf;
| int
| main ()
| {
|  struct _Elf *a = 0;
|   ;
|   return 0;
| }
configure:4109: gcc -c -I/home/roop/project/atosl/libelf-0.8.9/lib -DHAVE_LIBELF_H  conftest.c >&5
conftest.c: In function 'main':
conftest.c:34:14: error: 'R_IA_64_DIR32LSB' undeclared (first use in this function)
   int p; p = R_IA_64_DIR32LSB;
              ^
conftest.c:34:14: note: each undeclared identifier is reported only once for each function it appears in
configure:4109: $? = 1
configure: failed program was:
| /* confdefs.h */
| #define PACKAGE_NAME ""
| #define PACKAGE_TARNAME ""
| #define PACKAGE_VERSION ""
| #define PACKAGE_STRING ""
| #define PACKAGE_BUGREPORT ""
| #define PACKAGE_URL ""
| #define STDC_HEADERS 1
| #define HAVE_SYS_TYPES_H 1
| #define HAVE_SYS_STAT_H 1
| #define HAVE_STDLIB_H 1
| #define HAVE_STRING_H 1
| #define HAVE_MEMORY_H 1
| #define HAVE_STRINGS_H 1
| #define HAVE_INTTYPES_H 1
| #define HAVE_STDINT_H 1
| #define HAVE_UNISTD_H 1
| #define HAVE_ALLOCA_H 1
| #define HAVE_ELF_H 1
| #define HAVE_LIBELF_H 1
| #define HAVE_LIBELF_LIBELF_H 1
| #define HAVE_SYS_TYPES_H 1
| #define HAVE_ELF64_GETEHDR 1
| #define HAVE_ELF64_GETSHDR 1
| #define HAVE___UINT32_T_IN_SYS_TYPES_H 1
| #define HAVE___UINT64_T_IN_SYS_TYPES_H 1
| #define HAVE_UNUSED_ATTRIBUTE 1
| #define HAVE_ZLIB 1
| /* end confdefs.h.  */
| #include <elf.h>
| int
| main ()
| {
|   int p; p = R_IA_64_DIR32LSB;
|   ;
|   return 0;
| }
configure:4116: checking libelf defines struct _Elf
configure:4129: gcc -c -I/home/roop/project/atosl/libelf-0.8.9/lib -DHAVE_LIBELF_H  conftest.c >&5
conftest.c: In function 'main':
conftest.c:34:14: error: storage size of 'a' isn't known
  struct _Elf a; int i; i = 0;
              ^
configure:4129: $? = 1
configure: failed program was:
| /* confdefs.h */
| #define PACKAGE_NAME ""
| #define PACKAGE_TARNAME ""
| #define PACKAGE_VERSION ""
| #define PACKAGE_STRING ""
| #define PACKAGE_BUGREPORT ""
| #define PACKAGE_URL ""
| #define STDC_HEADERS 1
| #define HAVE_SYS_TYPES_H 1
| #define HAVE_SYS_STAT_H 1
| #define HAVE_STDLIB_H 1
| #define HAVE_STRING_H 1
| #define HAVE_MEMORY_H 1
| #define HAVE_STRINGS_H 1
| #define HAVE_INTTYPES_H 1
| #define HAVE_STDINT_H 1
| #define HAVE_UNISTD_H 1
| #define HAVE_ALLOCA_H 1
| #define HAVE_ELF_H 1
| #define HAVE_LIBELF_H 1
| #define HAVE_LIBELF_LIBELF_H 1
| #define HAVE_SYS_TYPES_H 1
| #define HAVE_ELF64_GETEHDR 1
| #define HAVE_ELF64_GETSHDR 1
| #define HAVE___UINT32_T_IN_SYS_TYPES_H 1
| #define HAVE___UINT64_T_IN_SYS_TYPES_H 1
| #define HAVE_UNUSED_ATTRIBUTE 1
| #define HAVE_ZLIB 1
| /* end confdefs.h.  */
| #include <libelf.h>
| int
| main ()
| {
|  struct _Elf a; int i; i = 0;
|   ;
|   return 0;
| }
configure:4136: result: no
configure:4154: gcc -c -I/home/roop/project/atosl/libelf-0.8.9/lib -DHAVE_LIBELF_H  conftest.c >&5
configure:4154: $? = 0
configure:4174: gcc -c -I/home/roop/project/atosl/libelf-0.8.9/lib -DHAVE_LIBELF_H  conftest.c >&5
configure:4174: $? = 0
configure:4192: gcc -c -I/home/roop/project/atosl/libelf-0.8.9/lib -DHAVE_LIBELF_H  conftest.c >&5
conftest.c:32:21: fatal error: sgidefs.h: No such file or directory
 #include <sgidefs.h>
                     ^
compilation terminated.
configure:4192: $? = 1
configure: failed program was:
| /* confdefs.h */
| #define PACKAGE_NAME ""
| #define PACKAGE_TARNAME ""
| #define PACKAGE_VERSION ""
| #define PACKAGE_STRING ""
| #define PACKAGE_BUGREPORT ""
| #define PACKAGE_URL ""
| #define STDC_HEADERS 1
| #define HAVE_SYS_TYPES_H 1
| #define HAVE_SYS_STAT_H 1
| #define HAVE_STDLIB_H 1
| #define HAVE_STRING_H 1
| #define HAVE_MEMORY_H 1
| #define HAVE_STRINGS_H 1
| #define HAVE_INTTYPES_H 1
| #define HAVE_STDINT_H 1
| #define HAVE_UNISTD_H 1
| #define HAVE_ALLOCA_H 1
| #define HAVE_ELF_H 1
| #define HAVE_LIBELF_H 1
| #define HAVE_LIBELF_LIBELF_H 1
| #define HAVE_SYS_TYPES_H 1
| #define HAVE_ELF64_GETEHDR 1
| #define HAVE_ELF64_GETSHDR 1
| #define HAVE___UINT32_T_IN_SYS_TYPES_H 1
| #define HAVE___UINT64_T_IN_SYS_TYPES_H 1
| #define HAVE_UNUSED_ATTRIBUTE 1
| #define HAVE_ZLIB 1
| #define HAVE_RAW_LIBELF_OK 1
| #define HAVE_LIBELF_OFF64_OK 1
| /* end confdefs.h.  */
| #include <sgidefs.h>
| int
| main ()
| {
|   __uint32_t p; p = 27;
|   ;
|   return 0;
| }
configure:4209: gcc -c -I/home/roop/project/atosl/libelf-0.8.9/lib -DHAVE_LIBELF_H  conftest.c >&5
conftest.c:32:21: fatal error: sgidefs.h: No such file or directory
 #include <sgidefs.h>
                     ^
compilation terminated.
configure:4209: $? = 1
configure: failed program was:
| /* confdefs.h */
| #define PACKAGE_NAME ""
| #define PACKAGE_TARNAME ""
| #define PACKAGE_VERSION ""
| #define PACKAGE_STRING ""
| #define PACKAGE_BUGREPORT ""
| #define PACKAGE_URL ""
| #define STDC_HEADERS 1
| #define HAVE_SYS_TYPES_H 1
| #define HAVE_SYS_STAT_H 1
| #define HAVE_STDLIB_H 1
| #define HAVE_STRING_H 1
| #define HAVE_MEMORY_H 1
| #define HAVE_STRINGS_H 1
| #define HAVE_INTTYPES_H 1
| #define HAVE_STDINT_H 1
| #define HAVE_UNISTD_H 1
| #define HAVE_ALLOCA_H 1
| #define HAVE_ELF_H 1
| #define HAVE_LIBELF_H 1
| #define HAVE_LIBELF_LIBELF_H 1
| #define HAVE_SYS_TYPES_H 1
| #define HAVE_ELF64_GETEHDR 1
| #define HAVE_ELF64_GETSHDR 1
| #define HAVE___UINT32_T_IN_SYS_TYPES_H 1
| #define HAVE___UINT64_T_IN_SYS_TYPES_H 1
| #define HAVE_UNUSED_ATTRIBUTE 1
| #define HAVE_ZLIB 1
| #define HAVE_RAW_LIBELF_OK 1
| #define HAVE_LIBELF_OFF64_OK 1
| /* end confdefs.h.  */
| #include <sgidefs.h>
| int
| main ()
| {
|   __uint64_t p; p = 27;
|   ;
|   return 0;
| }
configure:4226: gcc -c -I/home/roop/project/atosl/libelf-0.8.9/lib -DHAVE_LIBELF_H  conftest.c >&5
conftest.c:32:21: fatal error: sgidefs.h: No such file or directory
 #include <sgidefs.h>
                     ^
compilation terminated.
configure:4226: $? = 1
configure: failed program was:
| /* confdefs.h */
| #define PACKAGE_NAME ""
| #define PACKAGE_TARNAME ""
| #define PACKAGE_VERSION ""
| #define PACKAGE_STRING ""
| #define PACKAGE_BUGREPORT ""
| #define PACKAGE_URL ""
| #define STDC_HEADERS 1
| #define HAVE_SYS_TYPES_H 1
| #define HAVE_SYS_STAT_H 1
| #define HAVE_STDLIB_H 1
| #define HAVE_STRING_H 1
| #define HAVE_MEMORY_H 1
| #define HAVE_STRINGS_H 1
| #define HAVE_INTTYPES_H 1
| #define HAVE_STDINT_H 1
| #define HAVE_UNISTD_H 1
| #define HAVE_ALLOCA_H 1
| #define HAVE_ELF_H 1
| #define HAVE_LIBELF_H 1
| #define HAVE_LIBELF_LIBELF_H 1
| #define HAVE_SYS_TYPES_H 1
| #define HAVE_ELF64_GETEHDR 1
| #define HAVE_ELF64_GETSHDR 1
| #define HAVE___UINT32_T_IN_SYS_TYPES_H 1
| #define HAVE___UINT64_T_IN_SYS_TYPES_H 1
| #define HAVE_UNUSED_ATTRIBUTE 1
| #define HAVE_ZLIB 1
| #define HAVE_RAW_LIBELF_OK 1
| #define HAVE_LIBELF_OFF64_OK 1
| /* end confdefs.h.  */
| #include <sgidefs.h>
| int
| main ()
| {
|   __uint64_t p; p = 27;
|   ;
|   return 0;
| }
configure:4243: gcc -c -I/home/roop/project/atosl/libelf-0.8.9/lib -DHAVE_LIBELF_H  conftest.c >&5
configure:4243: $? = 0
configure:4260: gcc -c -I/home/roop/project/atosl/libelf-0.8.9/lib -DHAVE_LIBELF_H  conftest.c >&5
configure:4260: $? = 0
configure:4275: checking build shared
configure:4293: result: no
configure:4301: checking build nonshared
configure:4317: result: yes
configure:4322: checking build -fPIC
configure:4337: result: yes
configure:4343: checking build -Wall
configure:4353: result: no
configure:4371: checking enable nonstandardprintf
configure:4381: result: no
configure:4386: checking enable  windowspath
configure:4396: result: no
configure:4401: checking enable old frame columns
configure:4411: result: no
configure:4416: checking have windows stdafx.h
configure:4429: gcc -c -I/home/roop/project/atosl/libelf-0.8.9/lib -DHAVE_LIBELF_H  conftest.c >&5
conftest.c:34:20: fatal error: stdafx.h: No such file or directory
 #include "stdafx.h"
                    ^
compilation terminated.
configure:4429: $? = 1
configure: failed program was:
| /* confdefs.h */
| #define PACKAGE_NAME ""
| #define PACKAGE_TARNAME ""
| #define PACKAGE_VERSION ""
| #define PACKAGE_STRING ""
| #define PACKAGE_BUGREPORT ""
| #define PACKAGE_URL ""
| #define STDC_HEADERS 1
| #define HAVE_SYS_TYPES_H 1
| #define HAVE_SYS_STAT_H 1
| #define HAVE_STDLIB_H 1
| #define HAVE_STRING_H 1
| #define HAVE_MEMORY_H 1
| #define HAVE_STRINGS_H 1
| #define HAVE_INTTYPES_H 1
| #define HAVE_STDINT_H 1
| #define HAVE_UNISTD_H 1
| #define HAVE_ALLOCA_H 1
| #define HAVE_ELF_H 1
| #define HAVE_LIBELF_H 1
| #define HAVE_LIBELF_LIBELF_H 1
| #define HAVE_SYS_TYPES_H 1
| #define HAVE_ELF64_GETEHDR 1
| #define HAVE_ELF64_GETSHDR 1
| #define HAVE___UINT32_T_IN_SYS_TYPES_H 1
| #define HAVE___UINT64_T_IN_SYS_TYPES_H 1
| #define HAVE_UNUSED_ATTRIBUTE 1
| #define HAVE_ZLIB 1
| #define HAVE_RAW_LIBELF_OK 1
| #define HAVE_LIBELF_OFF64_OK 1
| #define HAVE_ELF64_RELA 1
| #define HAVE_ELF64_SYM 1
| /* end confdefs.h.  */
| #include "stdafx.h"
| int
| main ()
| {
|   int p; p = 27;
|   ;
|   return 0;
| }
configure:4436: result: no
configure:4441: checking producer generates SGI IRIX output
configure:4451: result: no
configure:4456: checking producer generates only 32bit
configure:4469: result: no
configure:4591: creating ./config.status

## ---------------------- ##
## Running config.status. ##
## ---------------------- ##

This file was extended by config.status, which was
generated by GNU Autoconf 2.69.  Invocation command line was

  CONFIG_FILES    = 
  CONFIG_HEADERS  = 
  CONFIG_LINKS    = 
  CONFIG_COMMANDS = 
  $ ./config.status 

on roop

config.status:825: creating Makefile
config.status:825: creating config.h

## ---------------- ##
## Cache variables. ##
## ---------------- ##

ac_cv_c_bigendian=no
ac_cv_c_compiler_gnu=yes
ac_cv_env_CC_set=
ac_cv_env_CC_value=
ac_cv_env_CFLAGS_set=set
ac_cv_env_CFLAGS_value='-I/home/roop/project/atosl/libelf-0.8.9/lib -DHAVE_LIBELF_H'
ac_cv_env_CPPFLAGS_set=
ac_cv_env_CPPFLAGS_value=
ac_cv_env_CPP_set=
ac_cv_env_CPP_value=
ac_cv_env_LDFLAGS_set=
ac_cv_env_LDFLAGS_value=
ac_cv_env_LIBS_set=
ac_cv_env_LIBS_value=
ac_cv_env_build_alias_set=
ac_cv_env_build_alias_value=
ac_cv_env_host_alias_set=
ac_cv_env_host_alias_value=
ac_cv_env_target_alias_set=
ac_cv_env_target_alias_value=
ac_cv_header_alloca_h=yes
ac_cv_header_elf_h=yes
ac_cv_header_elfaccess_h=no
ac_cv_header_inttypes_h=yes
ac_cv_header_libelf_h=yes
ac_cv_header_libelf_libelf_h=yes
ac_cv_header_memory_h=yes
ac_cv_header_stdc=yes
ac_cv_header_stdint_h=yes
ac_cv_header_stdlib_h=yes
ac_cv_header_string_h=yes
ac_cv_header_strings_h=yes
ac_cv_header_sys_ia64_elf_h=no
ac_cv_header_sys_stat_h=yes
ac_cv_header_sys_types_h=yes
ac_cv_header_unistd_h=yes
ac_cv_lib_elf_elf64_getehdr=yes
ac_cv_lib_elf_elf64_getshdr=yes
ac_cv_objext=o
ac_cv_path_EGREP='/bin/grep -E'
ac_cv_path_GREP=/bin/grep
ac_cv_path_install='/usr/bin/install -c'
ac_cv_prog_CPP='gcc -E'
ac_cv_prog_ac_ct_AR=ar
ac_cv_prog_ac_ct_CC=gcc
ac_cv_prog_ac_ct_RANLIB=ranlib
ac_cv_prog_cc_c89=
ac_cv_prog_cc_g=yes
ac_cv_prog_gcc_traditional=no

## ----------------- ##
## Output variables. ##
## ----------------- ##

AR='ar'
CC='gcc'
CFLAGS='-I/home/roop/project/atosl/libelf-0.8.9/lib -DHAVE_LIBELF_H'
CPP='gcc -E'
CPPFLAGS=''
DEFS='-DHAVE_CONFIG_H'
ECHO_C=''
ECHO_N='-n'
ECHO_T=''
EGREP='/bin/grep -E'
EXEEXT=''
GREP='/bin/grep'
INSTALL_DATA='${INSTALL} -m 644'
INSTALL_PROGRAM='${INSTALL}'
INSTALL_SCRIPT='${INSTALL}'
LDFLAGS=''
LIBOBJS=''
LIBS=''
LTLIBOBJS=''
OBJEXT='o'
PACKAGE_BUGREPORT=''
PACKAGE_NAME=''
PACKAGE_STRING=''
PACKAGE_TARNAME=''
PACKAGE_URL=''
PACKAGE_VERSION=''
PATH_SEPARATOR=':'
RANLIB='ranlib'
SHELL='/bin/bash'
ac_ct_CC='gcc'
bindir='${exec_prefix}/bin'
build_alias=''
build_nonshared='libdwarf.a'
build_shared='none'
datadir='${datarootdir}'
datarootdir='${prefix}/share'
docdir='${datarootdir}/doc/${PACKAGE}'
dvidir='${docdir}'
dwarf_namestable='-s'
dwfpic='-fPIC'
dwfwall=''
dwfzlib='-lz'
exec_prefix='${prefix}'
host_alias=''
htmldir='${docdir}'
includedir='${prefix}/include'
infodir='${datarootdir}/info'
libdir='${exec_prefix}/lib'
libexecdir='${exec_prefix}/libexec'
localedir='${datarootdir}/locale'
localstatedir='${prefix}/var'
mandir='${datarootdir}/man'
oldincludedir='/usr/include'
pdfdir='${docdir}'
prefix='/usr/local'
program_transform_name='s,x,x,'
psdir='${docdir}'
sbindir='${exec_prefix}/sbin'
sharedstatedir='${prefix}/com'
sysconfdir='${prefix}/etc'
target_alias=''

## ----------- ##
## confdefs.h. ##
## ----------- ##

/* confdefs.h */
#define PACKAGE_NAME ""
#define PACKAGE_TARNAME ""
#define PACKAGE_VERSION ""
#define PACKAGE_STRING ""
#define PACKAGE_BUGREPORT ""
#define PACKAGE_URL ""
#define STDC_HEADERS 1
#define HAVE_SYS_TYPES_H 1
#define HAVE_SYS_STAT_H 1
#define HAVE_STDLIB_H 1
#define HAVE_STRING_H 1
#define HAVE_MEMORY_H 1
#define HAVE_STRINGS_H 1
#define HAVE_INTTYPES_H 1
#define HAVE_STDINT_H 1
#define HAVE_UNISTD_H 1
#define HAVE_ALLOCA_H 1
#define HAVE_ELF_H 1
#define HAVE_LIBELF_H 1
#define HAVE_LIBELF_LIBELF_H 1
#define HAVE_SYS_TYPES_H 1
#define HAVE_ELF64_GETEHDR 1
#define HAVE_ELF64_GETSHDR 1
#define HAVE___UINT32_T_IN_SYS_TYPES_H 1
#define HAVE___UINT64_T_IN_SYS_TYPES_H 1
#define HAVE_UNUSED_ATTRIBUTE 1
#define HAVE_ZLIB 1
#define HAVE_RAW_LIBELF_OK 1
#define HAVE_LIBELF_OFF64_OK 1
#define HAVE_ELF64_RELA 1
#define HAVE_ELF64_SYM 1
#define HAVE_DWARF2_99_EXTENSION 1

configure: exit 0
