This file contains any messages produced by compilers while
running configure, to aid debugging if configure makes a mistake.

It was created by configure, which was
generated by GNU Autoconf 2.69.  Invocation command line was

  $ ./configure --disable-option-checking --prefix=/usr/local CFLAGS=-I/home/roop/project/atosl/libelf-0.8.9/lib -DHAVE_LIBELF_H --cache-file=/dev/null --srcdir=.

## --------- ##
## Platform. ##
## --------- ##

hostname = roop
uname -m = x86_64
uname -r = 3.13.0-37-generic
uname -s = Linux
uname -v = #64-Ubuntu SMP Mon Sep 22 21:28:38 UTC 2014

/usr/bin/uname -p = unknown
/bin/uname -X     = unknown

/bin/arch              = unknown
/usr/bin/arch -k       = unknown
/usr/convex/getsysinfo = unknown
/usr/bin/hostinfo      = unknown
/bin/machine           = unknown
/usr/bin/oslevel       = unknown
/bin/universe          = unknown

PATH: /opt/intel/vtune_amplifier_xe_2016.3.0.463186/bin64
PATH: /home/roop/virtual_env/neovim/bin
PATH: /home/roop/bin
PATH: /usr/local/bin
PATH: /usr/bin
PATH: /bin
PATH: /usr/sbin
PATH: /sbin
PATH: /opt/X11/bin
PATH: /usr/local/3rd/bin/
PATH: /usr/local/3rd/share/
PATH: /usr/local/Cellar/tmux/1.9a/bin
PATH: /usr/local/Cellar/gcc49/4.9.2/bin
PATH: /usr/local/Cellar/lua/5.2.3_1/bin/
PATH: /usr/local/Cellar/luajit/2.0.3_1/bin
PATH: /usr/local/Cellar/unrar/5.2.3/bin


## ----------- ##
## Core tests. ##
## ----------- ##

configure:2085: checking for gcc
configure:2101: found /usr/bin/gcc
configure:2112: result: gcc
configure:2341: checking for C compiler version
configure:2350: gcc --version >&5
gcc (Ubuntu 4.8.4-2ubuntu1~14.04.1) 4.8.4
Copyright (C) 2013 Free Software Foundation, Inc.
This is free software; see the source for copying conditions.  There is NO
warranty; not even for MERCHANTABILITY or FITNESS FOR A PARTICULAR PURPOSE.

configure:2361: $? = 0
configure:2350: gcc -v >&5
Using built-in specs.
COLLECT_GCC=gcc
COLLECT_LTO_WRAPPER=/usr/lib/gcc/x86_64-linux-gnu/4.8/lto-wrapper
Target: x86_64-linux-gnu
Configured with: ../src/configure -v --with-pkgversion='Ubuntu 4.8.4-2ubuntu1~14.04.1' --with-bugurl=file:///usr/share/doc/gcc-4.8/README.Bugs --enable-languages=c,c++,java,go,d,fortran,objc,obj-c++ --prefix=/usr --program-suffix=-4.8 --enable-shared --enable-linker-build-id --libexecdir=/usr/lib --without-included-gettext --enable-threads=posix --with-gxx-include-dir=/usr/include/c++/4.8 --libdir=/usr/lib --enable-nls --with-sysroot=/ --enable-clocale=gnu --enable-libstdcxx-debug --enable-libstdcxx-time=yes --enable-gnu-unique-object --disable-libmudflap --enable-plugin --with-system-zlib --disable-browser-plugin --enable-java-awt=gtk --enable-gtk-cairo --with-java-home=/usr/lib/jvm/java-1.5.0-gcj-4.8-amd64/jre --enable-java-home --with-jvm-root-dir=/usr/lib/jvm/java-1.5.0-gcj-4.8-amd64 --with-jvm-jar-dir=/usr/lib/jvm-exports/java-1.5.0-gcj-4.8-amd64 --with-arch-directory=amd64 --with-ecj-jar=/usr/share/java/eclipse-ecj.jar --enable-objc-gc --enable-multiarch --disable-werror --with-arch-32=i686 --with-abi=m64 --with-multilib-list=m32,m64,mx32 --with-tune=generic --enable-checking=release --build=x86_64-linux-gnu --host=x86_64-linux-gnu --target=x86_64-linux-gnu
Thread model: posix
gcc version 4.8.4 (Ubuntu 4.8.4-2ubuntu1~14.04.1) 
configure:2361: $? = 0
configure:2350: gcc -V >&5
gcc: error: unrecognized command line option '-V'
gcc: fatal error: no input files
compilation terminated.
configure:2361: $? = 4
configure:2350: gcc -qversion >&5
gcc: error: unrecognized command line option '-qversion'
gcc: fatal error: no input files
compilation terminated.
configure:2361: $? = 4
configure:2381: checking whether the C compiler works
configure:2403: gcc -I/home/roop/project/atosl/libelf-0.8.9/lib -DHAVE_LIBELF_H   conftest.c  >&5
configure:2407: $? = 0
configure:2455: result: yes
configure:2458: checking for C compiler default output file name
configure:2460: result: a.out
configure:2466: checking for suffix of executables
configure:2473: gcc -o conftest -I/home/roop/project/atosl/libelf-0.8.9/lib -DHAVE_LIBELF_H   conftest.c  >&5
configure:2477: $? = 0
configure:2499: result: 
configure:2521: checking whether we are cross compiling
configure:2529: gcc -o conftest -I/home/roop/project/atosl/libelf-0.8.9/lib -DHAVE_LIBELF_H   conftest.c  >&5
configure:2533: $? = 0
configure:2540: ./conftest
configure:2544: $? = 0
configure:2559: result: no
configure:2564: checking for suffix of object files
configure:2586: gcc -c -I/home/roop/project/atosl/libelf-0.8.9/lib -DHAVE_LIBELF_H  conftest.c >&5
configure:2590: $? = 0
configure:2611: result: o
configure:2615: checking whether we are using the GNU C compiler
configure:2634: gcc -c -I/home/roop/project/atosl/libelf-0.8.9/lib -DHAVE_LIBELF_H  conftest.c >&5
configure:2634: $? = 0
configure:2643: result: yes
configure:2652: checking whether gcc accepts -g
configure:2672: gcc -c -g  conftest.c >&5
configure:2672: $? = 0
configure:2713: result: yes
configure:2730: checking for gcc option to accept ISO C89
configure:2793: gcc  -c -I/home/roop/project/atosl/libelf-0.8.9/lib -DHAVE_LIBELF_H  conftest.c >&5
configure:2793: $? = 0
configure:2806: result: none needed
configure:2832: checking how to run the C preprocessor
configure:2863: gcc -E  conftest.c
configure:2863: $? = 0
configure:2877: gcc -E  conftest.c
conftest.c:9:28: fatal error: ac_nonexistent.h: No such file or directory
 #include <ac_nonexistent.h>
                            ^
compilation terminated.
configure:2877: $? = 1
configure: failed program was:
| /* confdefs.h */
| #define PACKAGE_NAME ""
| #define PACKAGE_TARNAME ""
| #define PACKAGE_VERSION ""
| #define PACKAGE_STRING ""
| #define PACKAGE_BUGREPORT ""
| #define PACKAGE_URL ""
| /* end confdefs.h.  */
| #include <ac_nonexistent.h>
configure:2902: result: gcc -E
configure:2922: gcc -E  conftest.c
configure:2922: $? = 0
configure:2936: gcc -E  conftest.c
conftest.c:9:28: fatal error: ac_nonexistent.h: No such file or directory
 #include <ac_nonexistent.h>
                            ^
compilation terminated.
configure:2936: $? = 1
configure: failed program was:
| /* confdefs.h */
| #define PACKAGE_NAME ""
| #define PACKAGE_TARNAME ""
| #define PACKAGE_VERSION ""
| #define PACKAGE_STRING ""
| #define PACKAGE_BUGREPORT ""
| #define PACKAGE_URL ""
| /* end confdefs.h.  */
| #include <ac_nonexistent.h>
configure:2965: checking for grep that handles long lines and -e
configure:3023: result: /bin/grep
configure:3028: checking for egrep
configure:3090: result: /bin/grep -E
configure:3096: checking whether gcc needs -traditional
configure:3130: result: no
configure:3180: checking for a BSD-compatible install
configure:3248: result: /usr/bin/install -c
configure:3302: checking for ranlib
configure:3318: found /usr/bin/ranlib
configure:3329: result: ranlib
configure:3394: checking for ar
configure:3410: found /usr/bin/ar
configure:3421: result: ar
configure:3444: checking for ANSI C header files
configure:3464: gcc -c -I/home/roop/project/atosl/libelf-0.8.9/lib -DHAVE_LIBELF_H  conftest.c >&5
configure:3464: $? = 0
configure:3537: gcc -o conftest -I/home/roop/project/atosl/libelf-0.8.9/lib -DHAVE_LIBELF_H   conftest.c  >&5
configure:3537: $? = 0
configure:3537: ./conftest
configure:3537: $? = 0
configure:3548: result: yes
configure:3561: checking for sys/types.h
configure:3561: gcc -c -I/home/roop/project/atosl/libelf-0.8.9/lib -DHAVE_LIBELF_H  conftest.c >&5
configure:3561: $? = 0
configure:3561: result: yes
configure:3561: checking for sys/stat.h
configure:3561: gcc -c -I/home/roop/project/atosl/libelf-0.8.9/lib -DHAVE_LIBELF_H  conftest.c >&5
configure:3561: $? = 0
configure:3561: result: yes
configure:3561: checking for stdlib.h
configure:3561: gcc -c -I/home/roop/project/atosl/libelf-0.8.9/lib -DHAVE_LIBELF_H  conftest.c >&5
configure:3561: $? = 0
configure:3561: result: yes
configure:3561: checking for string.h
configure:3561: gcc -c -I/home/roop/project/atosl/libelf-0.8.9/lib -DHAVE_LIBELF_H  conftest.c >&5
configure:3561: $? = 0
configure:3561: result: yes
configure:3561: checking for memory.h
configure:3561: gcc -c -I/home/roop/project/atosl/libelf-0.8.9/lib -DHAVE_LIBELF_H  conftest.c >&5
configure:3561: $? = 0
configure:3561: result: yes
configure:3561: checking for strings.h
configure:3561: gcc -c -I/home/roop/project/atosl/libelf-0.8.9/lib -DHAVE_LIBELF_H  conftest.c >&5
configure:3561: $? = 0
configure:3561: result: yes
configure:3561: checking for inttypes.h
configure:3561: gcc -c -I/home/roop/project/atosl/libelf-0.8.9/lib -DHAVE_LIBELF_H  conftest.c >&5
configure:3561: $? = 0
configure:3561: result: yes
configure:3561: checking for stdint.h
configure:3561: gcc -c -I/home/roop/project/atosl/libelf-0.8.9/lib -DHAVE_LIBELF_H  conftest.c >&5
configure:3561: $? = 0
configure:3561: result: yes
configure:3561: checking for unistd.h
configure:3561: gcc -c -I/home/roop/project/atosl/libelf-0.8.9/lib -DHAVE_LIBELF_H  conftest.c >&5
configure:3561: $? = 0
configure:3561: result: yes
configure:3576: checking elf.h usability
configure:3576: gcc -c -I/home/roop/project/atosl/libelf-0.8.9/lib -DHAVE_LIBELF_H  conftest.c >&5
configure:3576: $? = 0
configure:3576: result: yes
configure:3576: checking elf.h presence
configure:3576: gcc -E  conftest.c
configure:3576: $? = 0
configure:3576: result: yes
configure:3576: checking for elf.h
configure:3576: result: yes
configure:3576: checking libelf.h usability
configure:3576: gcc -c -I/home/roop/project/atosl/libelf-0.8.9/lib -DHAVE_LIBELF_H  conftest.c >&5
configure:3576: $? = 0
configure:3576: result: yes
configure:3576: checking libelf.h presence
configure:3576: gcc -E  conftest.c
configure:3576: $? = 0
configure:3576: result: yes
configure:3576: checking for libelf.h
configure:3576: result: yes
configure:3576: checking libelf/libelf.h usability
configure:3576: gcc -c -I/home/roop/project/atosl/libelf-0.8.9/lib -DHAVE_LIBELF_H  conftest.c >&5
configure:3576: $? = 0
configure:3576: result: yes
configure:3576: checking libelf/libelf.h presence
configure:3576: gcc -E  conftest.c
conftest.c:21:27: fatal error: libelf/libelf.h: No such file or directory
 #include <libelf/libelf.h>
                           ^
compilation terminated.
configure:3576: $? = 1
configure: failed program was:
| /* confdefs.h */
| #define PACKAGE_NAME ""
| #define PACKAGE_TARNAME ""
| #define PACKAGE_VERSION ""
| #define PACKAGE_STRING ""
| #define PACKAGE_BUGREPORT ""
| #define PACKAGE_URL ""
| #define STDC_HEADERS 1
| #define HAVE_SYS_TYPES_H 1
| #define HAVE_SYS_STAT_H 1
| #define HAVE_STDLIB_H 1
| #define HAVE_STRING_H 1
| #define HAVE_MEMORY_H 1
| #define HAVE_STRINGS_H 1
| #define HAVE_INTTYPES_H 1
| #define HAVE_STDINT_H 1
| #define HAVE_UNISTD_H 1
| #define HAVE_ELF_H 1
| #define HAVE_LIBELF_H 1
| /* end confdefs.h.  */
| #include <libelf/libelf.h>
configure:3576: result: no
configure:3576: WARNING: libelf/libelf.h: accepted by the compiler, rejected by the preprocessor!
configure:3576: WARNING: libelf/libelf.h: proceeding with the compiler's result
configure:3576: checking for libelf/libelf.h
configure:3576: result: yes
configure:3576: checking sgidefs.h usability
configure:3576: gcc -c -I/home/roop/project/atosl/libelf-0.8.9/lib -DHAVE_LIBELF_H  conftest.c >&5
conftest.c:55:21: fatal error: sgidefs.h: No such file or directory
 #include <sgidefs.h>
                     ^
compilation terminated.
configure:3576: $? = 1
configure: failed program was:
| /* confdefs.h */
| #define PACKAGE_NAME ""
| #define PACKAGE_TARNAME ""
| #define PACKAGE_VERSION ""
| #define PACKAGE_STRING ""
| #define PACKAGE_BUGREPORT ""
| #define PACKAGE_URL ""
| #define STDC_HEADERS 1
| #define HAVE_SYS_TYPES_H 1
| #define HAVE_SYS_STAT_H 1
| #define HAVE_STDLIB_H 1
| #define HAVE_STRING_H 1
| #define HAVE_MEMORY_H 1
| #define HAVE_STRINGS_H 1
| #define HAVE_INTTYPES_H 1
| #define HAVE_STDINT_H 1
| #define HAVE_UNISTD_H 1
| #define HAVE_ELF_H 1
| #define HAVE_LIBELF_H 1
| #define HAVE_LIBELF_LIBELF_H 1
| /* end confdefs.h.  */
| #include <stdio.h>
| #ifdef HAVE_SYS_TYPES_H
| # include <sys/types.h>
| #endif
| #ifdef HAVE_SYS_STAT_H
| # include <sys/stat.h>
| #endif
| #ifdef STDC_HEADERS
| # include <stdlib.h>
| # include <stddef.h>
| #else
| # ifdef HAVE_STDLIB_H
| #  include <stdlib.h>
| # endif
| #endif
| #ifdef HAVE_STRING_H
| # if !defined STDC_HEADERS && defined HAVE_MEMORY_H
| #  include <memory.h>
| # endif
| # include <string.h>
| #endif
| #ifdef HAVE_STRINGS_H
| # include <strings.h>
| #endif
| #ifdef HAVE_INTTYPES_H
| # include <inttypes.h>
| #endif
| #ifdef HAVE_STDINT_H
| # include <stdint.h>
| #endif
| #ifdef HAVE_UNISTD_H
| # include <unistd.h>
| #endif
| #include <sgidefs.h>
configure:3576: result: no
configure:3576: checking sgidefs.h presence
configure:3576: gcc -E  conftest.c
conftest.c:22:21: fatal error: sgidefs.h: No such file or directory
 #include <sgidefs.h>
                     ^
compilation terminated.
configure:3576: $? = 1
configure: failed program was:
| /* confdefs.h */
| #define PACKAGE_NAME ""
| #define PACKAGE_TARNAME ""
| #define PACKAGE_VERSION ""
| #define PACKAGE_STRING ""
| #define PACKAGE_BUGREPORT ""
| #define PACKAGE_URL ""
| #define STDC_HEADERS 1
| #define HAVE_SYS_TYPES_H 1
| #define HAVE_SYS_STAT_H 1
| #define HAVE_STDLIB_H 1
| #define HAVE_STRING_H 1
| #define HAVE_MEMORY_H 1
| #define HAVE_STRINGS_H 1
| #define HAVE_INTTYPES_H 1
| #define HAVE_STDINT_H 1
| #define HAVE_UNISTD_H 1
| #define HAVE_ELF_H 1
| #define HAVE_LIBELF_H 1
| #define HAVE_LIBELF_LIBELF_H 1
| /* end confdefs.h.  */
| #include <sgidefs.h>
configure:3576: result: no
configure:3576: checking for sgidefs.h
configure:3576: result: no
configure:3576: checking for sys/types.h
configure:3576: result: yes
configure:3586: checking for elf64_getehdr in -lelf
configure:3611: gcc -o conftest -I/home/roop/project/atosl/libelf-0.8.9/lib -DHAVE_LIBELF_H   conftest.c -lelf   >&5
configure:3611: $? = 0
configure:3620: result: yes
configure:3669: checking compile with -Wall
configure:3680: result: no
configure:3696: gcc -c -I/home/roop/project/atosl/libelf-0.8.9/lib -DHAVE_LIBELF_H  conftest.c >&5
conftest.c:25:20: fatal error: stdafx.h: No such file or directory
 #include "stdafx.h"
                    ^
compilation terminated.
configure:3696: $? = 1
configure: failed program was:
| /* confdefs.h */
| #define PACKAGE_NAME ""
| #define PACKAGE_TARNAME ""
| #define PACKAGE_VERSION ""
| #define PACKAGE_STRING ""
| #define PACKAGE_BUGREPORT ""
| #define PACKAGE_URL ""
| #define STDC_HEADERS 1
| #define HAVE_SYS_TYPES_H 1
| #define HAVE_SYS_STAT_H 1
| #define HAVE_STDLIB_H 1
| #define HAVE_STRING_H 1
| #define HAVE_MEMORY_H 1
| #define HAVE_STRINGS_H 1
| #define HAVE_INTTYPES_H 1
| #define HAVE_STDINT_H 1
| #define HAVE_UNISTD_H 1
| #define HAVE_ELF_H 1
| #define HAVE_LIBELF_H 1
| #define HAVE_LIBELF_LIBELF_H 1
| #define HAVE_SYS_TYPES_H 1
| #define HAVE_ELF64_GETEHDR 1
| #define LOCATION_OF_LIBELFHEADER <elf.h>
| /* end confdefs.h.  */
| #include "stdafx.h"
| int
| main ()
| {
|   int p; p = 27;
|   ;
|   return 0;
| }
configure:3714: gcc -c -I/home/roop/project/atosl/libelf-0.8.9/lib -DHAVE_LIBELF_H  conftest.c >&5
configure:3714: $? = 0
configure:3731: gcc -c -I/home/roop/project/atosl/libelf-0.8.9/lib -DHAVE_LIBELF_H  conftest.c >&5
conftest.c: In function 'main':
conftest.c:30:1: error: unknown type name '__uint32_t'
 __uint32_t p; p = 3;
 ^
configure:3731: $? = 1
configure: failed program was:
| /* confdefs.h */
| #define PACKAGE_NAME ""
| #define PACKAGE_TARNAME ""
| #define PACKAGE_VERSION ""
| #define PACKAGE_STRING ""
| #define PACKAGE_BUGREPORT ""
| #define PACKAGE_URL ""
| #define STDC_HEADERS 1
| #define HAVE_SYS_TYPES_H 1
| #define HAVE_SYS_STAT_H 1
| #define HAVE_STDLIB_H 1
| #define HAVE_STRING_H 1
| #define HAVE_MEMORY_H 1
| #define HAVE_STRINGS_H 1
| #define HAVE_INTTYPES_H 1
| #define HAVE_STDINT_H 1
| #define HAVE_UNISTD_H 1
| #define HAVE_ELF_H 1
| #define HAVE_LIBELF_H 1
| #define HAVE_LIBELF_LIBELF_H 1
| #define HAVE_SYS_TYPES_H 1
| #define HAVE_ELF64_GETEHDR 1
| #define LOCATION_OF_LIBELFHEADER <elf.h>
| #define HAVE_ELF64_R_INFO 1
| /* end confdefs.h.  */
| 
| int
| main ()
| {
| __uint32_t p; p = 3;
|   ;
|   return 0;
| }
configure:3748: gcc -c -I/home/roop/project/atosl/libelf-0.8.9/lib -DHAVE_LIBELF_H  conftest.c >&5
conftest.c: In function 'main':
conftest.c:30:1: error: unknown type name '__uint64_t'
 __uint64_t p; p = 3;
 ^
configure:3748: $? = 1
configure: failed program was:
| /* confdefs.h */
| #define PACKAGE_NAME ""
| #define PACKAGE_TARNAME ""
| #define PACKAGE_VERSION ""
| #define PACKAGE_STRING ""
| #define PACKAGE_BUGREPORT ""
| #define PACKAGE_URL ""
| #define STDC_HEADERS 1
| #define HAVE_SYS_TYPES_H 1
| #define HAVE_SYS_STAT_H 1
| #define HAVE_STDLIB_H 1
| #define HAVE_STRING_H 1
| #define HAVE_MEMORY_H 1
| #define HAVE_STRINGS_H 1
| #define HAVE_INTTYPES_H 1
| #define HAVE_STDINT_H 1
| #define HAVE_UNISTD_H 1
| #define HAVE_ELF_H 1
| #define HAVE_LIBELF_H 1
| #define HAVE_LIBELF_LIBELF_H 1
| #define HAVE_SYS_TYPES_H 1
| #define HAVE_ELF64_GETEHDR 1
| #define LOCATION_OF_LIBELFHEADER <elf.h>
| #define HAVE_ELF64_R_INFO 1
| /* end confdefs.h.  */
| 
| int
| main ()
| {
| __uint64_t p; p = 3;
|   ;
|   return 0;
| }
configure:3765: gcc -c -I/home/roop/project/atosl/libelf-0.8.9/lib -DHAVE_LIBELF_H  conftest.c >&5
configure:3765: $? = 0
configure:3782: gcc -c -I/home/roop/project/atosl/libelf-0.8.9/lib -DHAVE_LIBELF_H  conftest.c >&5
configure:3782: $? = 0
configure:3807: gcc -c -I/home/roop/project/atosl/libelf-0.8.9/lib -DHAVE_LIBELF_H  conftest.c >&5
configure:3807: $? = 0
configure:3814: checking checking if __attribute__ unused compiles ok
configure:3836: gcc -o conftest -I/home/roop/project/atosl/libelf-0.8.9/lib -DHAVE_LIBELF_H   conftest.c  >&5
configure:3836: $? = 0
configure:3836: ./conftest
configure:3836: $? = 0
configure:3840: result: yes
configure:3852: checking checking zlib present 
configure:3874: gcc -c -I/home/roop/project/atosl/libelf-0.8.9/lib -DHAVE_LIBELF_H  conftest.c >&5
configure:3874: $? = 0
configure:3880: result: yes
configure:3911: gcc -c -I/home/roop/project/atosl/libelf-0.8.9/lib -DHAVE_LIBELF_H  conftest.c >&5
configure:3911: $? = 0
configure:3918: checking is off64_t type supported
configure:3934: gcc -c -I/home/roop/project/atosl/libelf-0.8.9/lib -DHAVE_LIBELF_H  conftest.c >&5
configure:3934: $? = 0
configure:3938: result: yes
configure:4063: creating ./config.status

## ---------------------- ##
## Running config.status. ##
## ---------------------- ##

This file was extended by config.status, which was
generated by GNU Autoconf 2.69.  Invocation command line was

  CONFIG_FILES    = 
  CONFIG_HEADERS  = 
  CONFIG_LINKS    = 
  CONFIG_COMMANDS = 
  $ ./config.status 

on roop

config.status:820: creating Makefile
config.status:820: creating config.h

## ---------------- ##
## Cache variables. ##
## ---------------- ##

ac_cv_c_compiler_gnu=yes
ac_cv_env_CC_set=
ac_cv_env_CC_value=
ac_cv_env_CFLAGS_set=set
ac_cv_env_CFLAGS_value='-I/home/roop/project/atosl/libelf-0.8.9/lib -DHAVE_LIBELF_H'
ac_cv_env_CPPFLAGS_set=
ac_cv_env_CPPFLAGS_value=
ac_cv_env_CPP_set=
ac_cv_env_CPP_value=
ac_cv_env_LDFLAGS_set=
ac_cv_env_LDFLAGS_value=
ac_cv_env_LIBS_set=
ac_cv_env_LIBS_value=
ac_cv_env_build_alias_set=
ac_cv_env_build_alias_value=
ac_cv_env_host_alias_set=
ac_cv_env_host_alias_value=
ac_cv_env_target_alias_set=
ac_cv_env_target_alias_value=
ac_cv_header_elf_h=yes
ac_cv_header_inttypes_h=yes
ac_cv_header_libelf_h=yes
ac_cv_header_libelf_libelf_h=yes
ac_cv_header_memory_h=yes
ac_cv_header_sgidefs_h=no
ac_cv_header_stdc=yes
ac_cv_header_stdint_h=yes
ac_cv_header_stdlib_h=yes
ac_cv_header_string_h=yes
ac_cv_header_strings_h=yes
ac_cv_header_sys_stat_h=yes
ac_cv_header_sys_types_h=yes
ac_cv_header_unistd_h=yes
ac_cv_lib_elf_elf64_getehdr=yes
ac_cv_objext=o
ac_cv_path_EGREP='/bin/grep -E'
ac_cv_path_GREP=/bin/grep
ac_cv_path_install='/usr/bin/install -c'
ac_cv_prog_CPP='gcc -E'
ac_cv_prog_ac_ct_AR=ar
ac_cv_prog_ac_ct_CC=gcc
ac_cv_prog_ac_ct_RANLIB=ranlib
ac_cv_prog_cc_c89=
ac_cv_prog_cc_g=yes
ac_cv_prog_gcc_traditional=no

## ----------------- ##
## Output variables. ##
## ----------------- ##

AR='ar'
CC='gcc'
CFLAGS='-I/home/roop/project/atosl/libelf-0.8.9/lib -DHAVE_LIBELF_H'
CPP='gcc -E'
CPPFLAGS=''
DEFS='-DHAVE_CONFIG_H'
ECHO_C=''
ECHO_N='-n'
ECHO_T=''
EGREP='/bin/grep -E'
EXEEXT=''
GREP='/bin/grep'
INSTALL_DATA='${INSTALL} -m 644'
INSTALL_PROGRAM='${INSTALL}'
INSTALL_SCRIPT='${INSTALL}'
LDFLAGS=''
LIBOBJS=''
LIBS=''
LTLIBOBJS=''
OBJEXT='o'
PACKAGE_BUGREPORT=''
PACKAGE_NAME=''
PACKAGE_STRING=''
PACKAGE_TARNAME=''
PACKAGE_URL=''
PACKAGE_VERSION=''
PATH_SEPARATOR=':'
RANLIB='ranlib'
SHELL='/bin/bash'
ac_ct_CC='gcc'
bindir='${exec_prefix}/bin'
build_alias=''
build_nonshared='none.a'
datadir='${datarootdir}'
datarootdir='${prefix}/share'
docdir='${datarootdir}/doc/${PACKAGE}'
dvidir='${docdir}'
dwfwall=''
dwfzlib='-lz'
exec_prefix='${prefix}'
host_alias=''
htmldir='${docdir}'
includedir='${prefix}/include'
infodir='${datarootdir}/info'
libdir='${exec_prefix}/lib'
libexecdir='${exec_prefix}/libexec'
localedir='${datarootdir}/locale'
localstatedir='${prefix}/var'
mandir='${datarootdir}/man'
oldincludedir='/usr/include'
pdfdir='${docdir}'
prefix='/usr/local'
program_transform_name='s,x,x,'
psdir='${docdir}'
sbindir='${exec_prefix}/sbin'
sharedstatedir='${prefix}/com'
sysconfdir='${prefix}/etc'
target_alias=''

## ----------- ##
## confdefs.h. ##
## ----------- ##

/* confdefs.h */
#define PACKAGE_NAME ""
#define PACKAGE_TARNAME ""
#define PACKAGE_VERSION ""
#define PACKAGE_STRING ""
#define PACKAGE_BUGREPORT ""
#define PACKAGE_URL ""
#define STDC_HEADERS 1
#define HAVE_SYS_TYPES_H 1
#define HAVE_SYS_STAT_H 1
#define HAVE_STDLIB_H 1
#define HAVE_STRING_H 1
#define HAVE_MEMORY_H 1
#define HAVE_STRINGS_H 1
#define HAVE_INTTYPES_H 1
#define HAVE_STDINT_H 1
#define HAVE_UNISTD_H 1
#define HAVE_ELF_H 1
#define HAVE_LIBELF_H 1
#define HAVE_LIBELF_LIBELF_H 1
#define HAVE_SYS_TYPES_H 1
#define HAVE_ELF64_GETEHDR 1
#define LOCATION_OF_LIBELFHEADER <elf.h>
#define HAVE_ELF64_R_INFO 1
#define HAVE___UINT32_T_IN_SYS_TYPES_H 1
#define HAVE___UINT64_T_IN_SYS_TYPES_H 1
#define HAVE_REGEX 1
#define HAVE_UNUSED_ATTRIBUTE 1
#define HAVE_ZLIB 1
#define HAVE_RAW_LIBELF_OK 1
#define HAVE_LIBELF_OFF64_OK 1

configure: exit 0
