This file contains any messages produced by compilers while
running configure, to aid debugging if configure makes a mistake.

It was created by simplereader.c configure frame1.c, which was
generated by GNU Autoconf 2.69.  Invocation command line was

  $ ./configure --disable-option-checking --prefix=/usr/local CFLAGS=-I/home/roop/project/atosl/libelf-0.8.9/lib -DHAVE_LIBELF_H --cache-file=/dev/null --srcdir=.

## --------- ##
## Platform. ##
## --------- ##

hostname = roop
uname -m = x86_64
uname -r = 3.13.0-37-generic
uname -s = Linux
uname -v = #64-Ubuntu SMP Mon Sep 22 21:28:38 UTC 2014

/usr/bin/uname -p = unknown
/bin/uname -X     = unknown

/bin/arch              = unknown
/usr/bin/arch -k       = unknown
/usr/convex/getsysinfo = unknown
/usr/bin/hostinfo      = unknown
/bin/machine           = unknown
/usr/bin/oslevel       = unknown
/bin/universe          = unknown

PATH: /opt/intel/vtune_amplifier_xe_2016.3.0.463186/bin64
PATH: /home/roop/virtual_env/neovim/bin
PATH: /home/roop/bin
PATH: /usr/local/bin
PATH: /usr/bin
PATH: /bin
PATH: /usr/sbin
PATH: /sbin
PATH: /opt/X11/bin
PATH: /usr/local/3rd/bin/
PATH: /usr/local/3rd/share/
PATH: /usr/local/Cellar/tmux/1.9a/bin
PATH: /usr/local/Cellar/gcc49/4.9.2/bin
PATH: /usr/local/Cellar/lua/5.2.3_1/bin/
PATH: /usr/local/Cellar/luajit/2.0.3_1/bin
PATH: /usr/local/Cellar/unrar/5.2.3/bin


## ----------- ##
## Core tests. ##
## ----------- ##

configure:2082: checking for gcc
configure:2098: found /usr/bin/gcc
configure:2109: result: gcc
configure:2338: checking for C compiler version
configure:2347: gcc --version >&5
gcc (Ubuntu 4.8.4-2ubuntu1~14.04.1) 4.8.4
Copyright (C) 2013 Free Software Foundation, Inc.
This is free software; see the source for copying conditions.  There is NO
warranty; not even for MERCHANTABILITY or FITNESS FOR A PARTICULAR PURPOSE.

configure:2358: $? = 0
configure:2347: gcc -v >&5
Using built-in specs.
COLLECT_GCC=gcc
COLLECT_LTO_WRAPPER=/usr/lib/gcc/x86_64-linux-gnu/4.8/lto-wrapper
Target: x86_64-linux-gnu
Configured with: ../src/configure -v --with-pkgversion='Ubuntu 4.8.4-2ubuntu1~14.04.1' --with-bugurl=file:///usr/share/doc/gcc-4.8/README.Bugs --enable-languages=c,c++,java,go,d,fortran,objc,obj-c++ --prefix=/usr --program-suffix=-4.8 --enable-shared --enable-linker-build-id --libexecdir=/usr/lib --without-included-gettext --enable-threads=posix --with-gxx-include-dir=/usr/include/c++/4.8 --libdir=/usr/lib --enable-nls --with-sysroot=/ --enable-clocale=gnu --enable-libstdcxx-debug --enable-libstdcxx-time=yes --enable-gnu-unique-object --disable-libmudflap --enable-plugin --with-system-zlib --disable-browser-plugin --enable-java-awt=gtk --enable-gtk-cairo --with-java-home=/usr/lib/jvm/java-1.5.0-gcj-4.8-amd64/jre --enable-java-home --with-jvm-root-dir=/usr/lib/jvm/java-1.5.0-gcj-4.8-amd64 --with-jvm-jar-dir=/usr/lib/jvm-exports/java-1.5.0-gcj-4.8-amd64 --with-arch-directory=amd64 --with-ecj-jar=/usr/share/java/eclipse-ecj.jar --enable-objc-gc --enable-multiarch --disable-werror --with-arch-32=i686 --with-abi=m64 --with-multilib-list=m32,m64,mx32 --with-tune=generic --enable-checking=release --build=x86_64-linux-gnu --host=x86_64-linux-gnu --target=x86_64-linux-gnu
Thread model: posix
gcc version 4.8.4 (Ubuntu 4.8.4-2ubuntu1~14.04.1) 
configure:2358: $? = 0
configure:2347: gcc -V >&5
gcc: error: unrecognized command line option '-V'
gcc: fatal error: no input files
compilation terminated.
configure:2358: $? = 4
configure:2347: gcc -qversion >&5
gcc: error: unrecognized command line option '-qversion'
gcc: fatal error: no input files
compilation terminated.
configure:2358: $? = 4
configure:2378: checking whether the C compiler works
configure:2400: gcc -I/home/roop/project/atosl/libelf-0.8.9/lib -DHAVE_LIBELF_H   conftest.c  >&5
configure:2404: $? = 0
configure:2452: result: yes
configure:2455: checking for C compiler default output file name
configure:2457: result: a.out
configure:2463: checking for suffix of executables
configure:2470: gcc -o conftest -I/home/roop/project/atosl/libelf-0.8.9/lib -DHAVE_LIBELF_H   conftest.c  >&5
configure:2474: $? = 0
configure:2496: result: 
configure:2518: checking whether we are cross compiling
configure:2526: gcc -o conftest -I/home/roop/project/atosl/libelf-0.8.9/lib -DHAVE_LIBELF_H   conftest.c  >&5
configure:2530: $? = 0
configure:2537: ./conftest
configure:2541: $? = 0
configure:2556: result: no
configure:2561: checking for suffix of object files
configure:2583: gcc -c -I/home/roop/project/atosl/libelf-0.8.9/lib -DHAVE_LIBELF_H  conftest.c >&5
configure:2587: $? = 0
configure:2608: result: o
configure:2612: checking whether we are using the GNU C compiler
configure:2631: gcc -c -I/home/roop/project/atosl/libelf-0.8.9/lib -DHAVE_LIBELF_H  conftest.c >&5
configure:2631: $? = 0
configure:2640: result: yes
configure:2649: checking whether gcc accepts -g
configure:2669: gcc -c -g  conftest.c >&5
configure:2669: $? = 0
configure:2710: result: yes
configure:2727: checking for gcc option to accept ISO C89
configure:2790: gcc  -c -I/home/roop/project/atosl/libelf-0.8.9/lib -DHAVE_LIBELF_H  conftest.c >&5
configure:2790: $? = 0
configure:2803: result: none needed
configure:2881: checking for g++
configure:2897: found /usr/bin/g++
configure:2908: result: g++
configure:2935: checking for C++ compiler version
configure:2944: g++ --version >&5
g++ (Ubuntu 4.8.4-2ubuntu1~14.04.1) 4.8.4
Copyright (C) 2013 Free Software Foundation, Inc.
This is free software; see the source for copying conditions.  There is NO
warranty; not even for MERCHANTABILITY or FITNESS FOR A PARTICULAR PURPOSE.

configure:2955: $? = 0
configure:2944: g++ -v >&5
Using built-in specs.
COLLECT_GCC=g++
COLLECT_LTO_WRAPPER=/usr/lib/gcc/x86_64-linux-gnu/4.8/lto-wrapper
Target: x86_64-linux-gnu
Configured with: ../src/configure -v --with-pkgversion='Ubuntu 4.8.4-2ubuntu1~14.04.1' --with-bugurl=file:///usr/share/doc/gcc-4.8/README.Bugs --enable-languages=c,c++,java,go,d,fortran,objc,obj-c++ --prefix=/usr --program-suffix=-4.8 --enable-shared --enable-linker-build-id --libexecdir=/usr/lib --without-included-gettext --enable-threads=posix --with-gxx-include-dir=/usr/include/c++/4.8 --libdir=/usr/lib --enable-nls --with-sysroot=/ --enable-clocale=gnu --enable-libstdcxx-debug --enable-libstdcxx-time=yes --enable-gnu-unique-object --disable-libmudflap --enable-plugin --with-system-zlib --disable-browser-plugin --enable-java-awt=gtk --enable-gtk-cairo --with-java-home=/usr/lib/jvm/java-1.5.0-gcj-4.8-amd64/jre --enable-java-home --with-jvm-root-dir=/usr/lib/jvm/java-1.5.0-gcj-4.8-amd64 --with-jvm-jar-dir=/usr/lib/jvm-exports/java-1.5.0-gcj-4.8-amd64 --with-arch-directory=amd64 --with-ecj-jar=/usr/share/java/eclipse-ecj.jar --enable-objc-gc --enable-multiarch --disable-werror --with-arch-32=i686 --with-abi=m64 --with-multilib-list=m32,m64,mx32 --with-tune=generic --enable-checking=release --build=x86_64-linux-gnu --host=x86_64-linux-gnu --target=x86_64-linux-gnu
Thread model: posix
gcc version 4.8.4 (Ubuntu 4.8.4-2ubuntu1~14.04.1) 
configure:2955: $? = 0
configure:2944: g++ -V >&5
g++: error: unrecognized command line option '-V'
g++: fatal error: no input files
compilation terminated.
configure:2955: $? = 4
configure:2944: g++ -qversion >&5
g++: error: unrecognized command line option '-qversion'
g++: fatal error: no input files
compilation terminated.
configure:2955: $? = 4
configure:2959: checking whether we are using the GNU C++ compiler
configure:2978: g++ -c   conftest.cpp >&5
configure:2978: $? = 0
configure:2987: result: yes
configure:2996: checking whether g++ accepts -g
configure:3016: g++ -c -g  conftest.cpp >&5
configure:3016: $? = 0
configure:3057: result: yes
configure:3086: checking how to run the C preprocessor
configure:3117: gcc -E  conftest.c
configure:3117: $? = 0
configure:3131: gcc -E  conftest.c
conftest.c:9:28: fatal error: ac_nonexistent.h: No such file or directory
 #include <ac_nonexistent.h>
                            ^
compilation terminated.
configure:3131: $? = 1
configure: failed program was:
| /* confdefs.h */
| #define PACKAGE_NAME "simplereader.c"
| #define PACKAGE_TARNAME "simplereader-c"
| #define PACKAGE_VERSION "frame1.c"
| #define PACKAGE_STRING "simplereader.c frame1.c"
| #define PACKAGE_BUGREPORT ""
| #define PACKAGE_URL ""
| /* end confdefs.h.  */
| #include <ac_nonexistent.h>
configure:3156: result: gcc -E
configure:3176: gcc -E  conftest.c
configure:3176: $? = 0
configure:3190: gcc -E  conftest.c
conftest.c:9:28: fatal error: ac_nonexistent.h: No such file or directory
 #include <ac_nonexistent.h>
                            ^
compilation terminated.
configure:3190: $? = 1
configure: failed program was:
| /* confdefs.h */
| #define PACKAGE_NAME "simplereader.c"
| #define PACKAGE_TARNAME "simplereader-c"
| #define PACKAGE_VERSION "frame1.c"
| #define PACKAGE_STRING "simplereader.c frame1.c"
| #define PACKAGE_BUGREPORT ""
| #define PACKAGE_URL ""
| /* end confdefs.h.  */
| #include <ac_nonexistent.h>
configure:3219: checking for grep that handles long lines and -e
configure:3277: result: /bin/grep
configure:3282: checking for egrep
configure:3344: result: /bin/grep -E
configure:3349: checking for ANSI C header files
configure:3369: gcc -c -I/home/roop/project/atosl/libelf-0.8.9/lib -DHAVE_LIBELF_H  conftest.c >&5
configure:3369: $? = 0
configure:3442: gcc -o conftest -I/home/roop/project/atosl/libelf-0.8.9/lib -DHAVE_LIBELF_H   conftest.c  >&5
configure:3442: $? = 0
configure:3442: ./conftest
configure:3442: $? = 0
configure:3453: result: yes
configure:3466: checking for sys/types.h
configure:3466: gcc -c -I/home/roop/project/atosl/libelf-0.8.9/lib -DHAVE_LIBELF_H  conftest.c >&5
configure:3466: $? = 0
configure:3466: result: yes
configure:3466: checking for sys/stat.h
configure:3466: gcc -c -I/home/roop/project/atosl/libelf-0.8.9/lib -DHAVE_LIBELF_H  conftest.c >&5
configure:3466: $? = 0
configure:3466: result: yes
configure:3466: checking for stdlib.h
configure:3466: gcc -c -I/home/roop/project/atosl/libelf-0.8.9/lib -DHAVE_LIBELF_H  conftest.c >&5
configure:3466: $? = 0
configure:3466: result: yes
configure:3466: checking for string.h
configure:3466: gcc -c -I/home/roop/project/atosl/libelf-0.8.9/lib -DHAVE_LIBELF_H  conftest.c >&5
configure:3466: $? = 0
configure:3466: result: yes
configure:3466: checking for memory.h
configure:3466: gcc -c -I/home/roop/project/atosl/libelf-0.8.9/lib -DHAVE_LIBELF_H  conftest.c >&5
configure:3466: $? = 0
configure:3466: result: yes
configure:3466: checking for strings.h
configure:3466: gcc -c -I/home/roop/project/atosl/libelf-0.8.9/lib -DHAVE_LIBELF_H  conftest.c >&5
configure:3466: $? = 0
configure:3466: result: yes
configure:3466: checking for inttypes.h
configure:3466: gcc -c -I/home/roop/project/atosl/libelf-0.8.9/lib -DHAVE_LIBELF_H  conftest.c >&5
configure:3466: $? = 0
configure:3466: result: yes
configure:3466: checking for stdint.h
configure:3466: gcc -c -I/home/roop/project/atosl/libelf-0.8.9/lib -DHAVE_LIBELF_H  conftest.c >&5
configure:3466: $? = 0
configure:3466: result: yes
configure:3466: checking for unistd.h
configure:3466: gcc -c -I/home/roop/project/atosl/libelf-0.8.9/lib -DHAVE_LIBELF_H  conftest.c >&5
configure:3466: $? = 0
configure:3466: result: yes
configure:3478: checking whether byte ordering is bigendian
configure:3493: gcc -c -I/home/roop/project/atosl/libelf-0.8.9/lib -DHAVE_LIBELF_H  conftest.c >&5
conftest.c:20:9: error: unknown type name 'not'
         not a universal capable compiler
         ^
conftest.c:20:15: error: expected '=', ',', ';', 'asm' or '__attribute__' before 'universal'
         not a universal capable compiler
               ^
conftest.c:20:15: error: unknown type name 'universal'
configure:3493: $? = 1
configure: failed program was:
| /* confdefs.h */
| #define PACKAGE_NAME "simplereader.c"
| #define PACKAGE_TARNAME "simplereader-c"
| #define PACKAGE_VERSION "frame1.c"
| #define PACKAGE_STRING "simplereader.c frame1.c"
| #define PACKAGE_BUGREPORT ""
| #define PACKAGE_URL ""
| #define STDC_HEADERS 1
| #define HAVE_SYS_TYPES_H 1
| #define HAVE_SYS_STAT_H 1
| #define HAVE_STDLIB_H 1
| #define HAVE_STRING_H 1
| #define HAVE_MEMORY_H 1
| #define HAVE_STRINGS_H 1
| #define HAVE_INTTYPES_H 1
| #define HAVE_STDINT_H 1
| #define HAVE_UNISTD_H 1
| /* end confdefs.h.  */
| #ifndef __APPLE_CC__
| 	       not a universal capable compiler
| 	     #endif
| 	     typedef int dummy;
| 
configure:3538: gcc -c -I/home/roop/project/atosl/libelf-0.8.9/lib -DHAVE_LIBELF_H  conftest.c >&5
configure:3538: $? = 0
configure:3556: gcc -c -I/home/roop/project/atosl/libelf-0.8.9/lib -DHAVE_LIBELF_H  conftest.c >&5
conftest.c: In function 'main':
conftest.c:26:4: error: unknown type name 'not'
    not big endian
    ^
conftest.c:26:12: error: expected '=', ',', ';', 'asm' or '__attribute__' before 'endian'
    not big endian
            ^
configure:3556: $? = 1
configure: failed program was:
| /* confdefs.h */
| #define PACKAGE_NAME "simplereader.c"
| #define PACKAGE_TARNAME "simplereader-c"
| #define PACKAGE_VERSION "frame1.c"
| #define PACKAGE_STRING "simplereader.c frame1.c"
| #define PACKAGE_BUGREPORT ""
| #define PACKAGE_URL ""
| #define STDC_HEADERS 1
| #define HAVE_SYS_TYPES_H 1
| #define HAVE_SYS_STAT_H 1
| #define HAVE_STDLIB_H 1
| #define HAVE_STRING_H 1
| #define HAVE_MEMORY_H 1
| #define HAVE_STRINGS_H 1
| #define HAVE_INTTYPES_H 1
| #define HAVE_STDINT_H 1
| #define HAVE_UNISTD_H 1
| /* end confdefs.h.  */
| #include <sys/types.h>
| 		#include <sys/param.h>
| 
| int
| main ()
| {
| #if BYTE_ORDER != BIG_ENDIAN
| 		 not big endian
| 		#endif
| 
|   ;
|   return 0;
| }
configure:3684: result: no
configure:3703: checking whether gcc needs -traditional
configure:3737: result: no
configure:3787: checking for a BSD-compatible install
configure:3855: result: /usr/bin/install -c
configure:3909: checking for ranlib
configure:3925: found /usr/bin/ranlib
configure:3936: result: ranlib
configure:4001: checking for ar
configure:4017: found /usr/bin/ar
configure:4028: result: ar
configure:4054: checking elf.h usability
configure:4054: gcc -c -I/home/roop/project/atosl/libelf-0.8.9/lib -DHAVE_LIBELF_H  conftest.c >&5
configure:4054: $? = 0
configure:4054: result: yes
configure:4054: checking elf.h presence
configure:4054: gcc -E  conftest.c
configure:4054: $? = 0
configure:4054: result: yes
configure:4054: checking for elf.h
configure:4054: result: yes
configure:4054: checking libelf.h usability
configure:4054: gcc -c -I/home/roop/project/atosl/libelf-0.8.9/lib -DHAVE_LIBELF_H  conftest.c >&5
configure:4054: $? = 0
configure:4054: result: yes
configure:4054: checking libelf.h presence
configure:4054: gcc -E  conftest.c
configure:4054: $? = 0
configure:4054: result: yes
configure:4054: checking for libelf.h
configure:4054: result: yes
configure:4054: checking sgidefs.h usability
configure:4054: gcc -c -I/home/roop/project/atosl/libelf-0.8.9/lib -DHAVE_LIBELF_H  conftest.c >&5
conftest.c:54:21: fatal error: sgidefs.h: No such file or directory
 #include <sgidefs.h>
                     ^
compilation terminated.
configure:4054: $? = 1
configure: failed program was:
| /* confdefs.h */
| #define PACKAGE_NAME "simplereader.c"
| #define PACKAGE_TARNAME "simplereader-c"
| #define PACKAGE_VERSION "frame1.c"
| #define PACKAGE_STRING "simplereader.c frame1.c"
| #define PACKAGE_BUGREPORT ""
| #define PACKAGE_URL ""
| #define STDC_HEADERS 1
| #define HAVE_SYS_TYPES_H 1
| #define HAVE_SYS_STAT_H 1
| #define HAVE_STDLIB_H 1
| #define HAVE_STRING_H 1
| #define HAVE_MEMORY_H 1
| #define HAVE_STRINGS_H 1
| #define HAVE_INTTYPES_H 1
| #define HAVE_STDINT_H 1
| #define HAVE_UNISTD_H 1
| #define HAVE_ELF_H 1
| #define HAVE_LIBELF_H 1
| /* end confdefs.h.  */
| #include <stdio.h>
| #ifdef HAVE_SYS_TYPES_H
| # include <sys/types.h>
| #endif
| #ifdef HAVE_SYS_STAT_H
| # include <sys/stat.h>
| #endif
| #ifdef STDC_HEADERS
| # include <stdlib.h>
| # include <stddef.h>
| #else
| # ifdef HAVE_STDLIB_H
| #  include <stdlib.h>
| # endif
| #endif
| #ifdef HAVE_STRING_H
| # if !defined STDC_HEADERS && defined HAVE_MEMORY_H
| #  include <memory.h>
| # endif
| # include <string.h>
| #endif
| #ifdef HAVE_STRINGS_H
| # include <strings.h>
| #endif
| #ifdef HAVE_INTTYPES_H
| # include <inttypes.h>
| #endif
| #ifdef HAVE_STDINT_H
| # include <stdint.h>
| #endif
| #ifdef HAVE_UNISTD_H
| # include <unistd.h>
| #endif
| #include <sgidefs.h>
configure:4054: result: no
configure:4054: checking sgidefs.h presence
configure:4054: gcc -E  conftest.c
conftest.c:21:21: fatal error: sgidefs.h: No such file or directory
 #include <sgidefs.h>
                     ^
compilation terminated.
configure:4054: $? = 1
configure: failed program was:
| /* confdefs.h */
| #define PACKAGE_NAME "simplereader.c"
| #define PACKAGE_TARNAME "simplereader-c"
| #define PACKAGE_VERSION "frame1.c"
| #define PACKAGE_STRING "simplereader.c frame1.c"
| #define PACKAGE_BUGREPORT ""
| #define PACKAGE_URL ""
| #define STDC_HEADERS 1
| #define HAVE_SYS_TYPES_H 1
| #define HAVE_SYS_STAT_H 1
| #define HAVE_STDLIB_H 1
| #define HAVE_STRING_H 1
| #define HAVE_MEMORY_H 1
| #define HAVE_STRINGS_H 1
| #define HAVE_INTTYPES_H 1
| #define HAVE_STDINT_H 1
| #define HAVE_UNISTD_H 1
| #define HAVE_ELF_H 1
| #define HAVE_LIBELF_H 1
| /* end confdefs.h.  */
| #include <sgidefs.h>
configure:4054: result: no
configure:4054: checking for sgidefs.h
configure:4054: result: no
configure:4054: checking for sys/types.h
configure:4054: result: yes
configure:4076: gcc -c -I/home/roop/project/atosl/libelf-0.8.9/lib -DHAVE_LIBELF_H  conftest.c >&5
conftest.c:22:21: fatal error: sgidefs.h: No such file or directory
 #include <sgidefs.h>
                     ^
compilation terminated.
configure:4076: $? = 1
configure: failed program was:
| /* confdefs.h */
| #define PACKAGE_NAME "simplereader.c"
| #define PACKAGE_TARNAME "simplereader-c"
| #define PACKAGE_VERSION "frame1.c"
| #define PACKAGE_STRING "simplereader.c frame1.c"
| #define PACKAGE_BUGREPORT ""
| #define PACKAGE_URL ""
| #define STDC_HEADERS 1
| #define HAVE_SYS_TYPES_H 1
| #define HAVE_SYS_STAT_H 1
| #define HAVE_STDLIB_H 1
| #define HAVE_STRING_H 1
| #define HAVE_MEMORY_H 1
| #define HAVE_STRINGS_H 1
| #define HAVE_INTTYPES_H 1
| #define HAVE_STDINT_H 1
| #define HAVE_UNISTD_H 1
| #define HAVE_ELF_H 1
| #define HAVE_LIBELF_H 1
| #define HAVE_SYS_TYPES_H 1
| /* end confdefs.h.  */
| #include <sgidefs.h>
| int
| main ()
| {
|   __uint32_t p; p = 27;
|   ;
|   return 0;
| }
configure:4093: gcc -c -I/home/roop/project/atosl/libelf-0.8.9/lib -DHAVE_LIBELF_H  conftest.c >&5
conftest.c:22:21: fatal error: sgidefs.h: No such file or directory
 #include <sgidefs.h>
                     ^
compilation terminated.
configure:4093: $? = 1
configure: failed program was:
| /* confdefs.h */
| #define PACKAGE_NAME "simplereader.c"
| #define PACKAGE_TARNAME "simplereader-c"
| #define PACKAGE_VERSION "frame1.c"
| #define PACKAGE_STRING "simplereader.c frame1.c"
| #define PACKAGE_BUGREPORT ""
| #define PACKAGE_URL ""
| #define STDC_HEADERS 1
| #define HAVE_SYS_TYPES_H 1
| #define HAVE_SYS_STAT_H 1
| #define HAVE_STDLIB_H 1
| #define HAVE_STRING_H 1
| #define HAVE_MEMORY_H 1
| #define HAVE_STRINGS_H 1
| #define HAVE_INTTYPES_H 1
| #define HAVE_STDINT_H 1
| #define HAVE_UNISTD_H 1
| #define HAVE_ELF_H 1
| #define HAVE_LIBELF_H 1
| #define HAVE_SYS_TYPES_H 1
| /* end confdefs.h.  */
| #include <sgidefs.h>
| int
| main ()
| {
|   __uint64_t p; p = 27;
|   ;
|   return 0;
| }
configure:4110: gcc -c -I/home/roop/project/atosl/libelf-0.8.9/lib -DHAVE_LIBELF_H  conftest.c >&5
conftest.c:22:21: fatal error: sgidefs.h: No such file or directory
 #include <sgidefs.h>
                     ^
compilation terminated.
configure:4110: $? = 1
configure: failed program was:
| /* confdefs.h */
| #define PACKAGE_NAME "simplereader.c"
| #define PACKAGE_TARNAME "simplereader-c"
| #define PACKAGE_VERSION "frame1.c"
| #define PACKAGE_STRING "simplereader.c frame1.c"
| #define PACKAGE_BUGREPORT ""
| #define PACKAGE_URL ""
| #define STDC_HEADERS 1
| #define HAVE_SYS_TYPES_H 1
| #define HAVE_SYS_STAT_H 1
| #define HAVE_STDLIB_H 1
| #define HAVE_STRING_H 1
| #define HAVE_MEMORY_H 1
| #define HAVE_STRINGS_H 1
| #define HAVE_INTTYPES_H 1
| #define HAVE_STDINT_H 1
| #define HAVE_UNISTD_H 1
| #define HAVE_ELF_H 1
| #define HAVE_LIBELF_H 1
| #define HAVE_SYS_TYPES_H 1
| /* end confdefs.h.  */
| #include <sgidefs.h>
| int
| main ()
| {
|   __uint64_t p; p = 27;
|   ;
|   return 0;
| }
configure:4127: gcc -c -I/home/roop/project/atosl/libelf-0.8.9/lib -DHAVE_LIBELF_H  conftest.c >&5
conftest.c:22:21: fatal error: sgidefs.h: No such file or directory
 #include <sgidefs.h>
                     ^
compilation terminated.
configure:4127: $? = 1
configure: failed program was:
| /* confdefs.h */
| #define PACKAGE_NAME "simplereader.c"
| #define PACKAGE_TARNAME "simplereader-c"
| #define PACKAGE_VERSION "frame1.c"
| #define PACKAGE_STRING "simplereader.c frame1.c"
| #define PACKAGE_BUGREPORT ""
| #define PACKAGE_URL ""
| #define STDC_HEADERS 1
| #define HAVE_SYS_TYPES_H 1
| #define HAVE_SYS_STAT_H 1
| #define HAVE_STDLIB_H 1
| #define HAVE_STRING_H 1
| #define HAVE_MEMORY_H 1
| #define HAVE_STRINGS_H 1
| #define HAVE_INTTYPES_H 1
| #define HAVE_STDINT_H 1
| #define HAVE_UNISTD_H 1
| #define HAVE_ELF_H 1
| #define HAVE_LIBELF_H 1
| #define HAVE_SYS_TYPES_H 1
| /* end confdefs.h.  */
| #include <sgidefs.h>
| int
| main ()
| {
|   __uint32_t p; p = 27;
|   ;
|   return 0;
| }
configure:4144: gcc -c -I/home/roop/project/atosl/libelf-0.8.9/lib -DHAVE_LIBELF_H  conftest.c >&5
configure:4144: $? = 0
configure:4161: gcc -c -I/home/roop/project/atosl/libelf-0.8.9/lib -DHAVE_LIBELF_H  conftest.c >&5
conftest.c:23:21: fatal error: sgidefs.h: No such file or directory
 #include <sgidefs.h>
                     ^
compilation terminated.
configure:4161: $? = 1
configure: failed program was:
| /* confdefs.h */
| #define PACKAGE_NAME "simplereader.c"
| #define PACKAGE_TARNAME "simplereader-c"
| #define PACKAGE_VERSION "frame1.c"
| #define PACKAGE_STRING "simplereader.c frame1.c"
| #define PACKAGE_BUGREPORT ""
| #define PACKAGE_URL ""
| #define STDC_HEADERS 1
| #define HAVE_SYS_TYPES_H 1
| #define HAVE_SYS_STAT_H 1
| #define HAVE_STDLIB_H 1
| #define HAVE_STRING_H 1
| #define HAVE_MEMORY_H 1
| #define HAVE_STRINGS_H 1
| #define HAVE_INTTYPES_H 1
| #define HAVE_STDINT_H 1
| #define HAVE_UNISTD_H 1
| #define HAVE_ELF_H 1
| #define HAVE_LIBELF_H 1
| #define HAVE_SYS_TYPES_H 1
| #define HAVE_INTPTR_T 1
| /* end confdefs.h.  */
| #include <sgidefs.h>
| int
| main ()
| {
|   __uint64_t p; p = 27;
|   ;
|   return 0;
| }
configure:4178: gcc -c -I/home/roop/project/atosl/libelf-0.8.9/lib -DHAVE_LIBELF_H  conftest.c >&5
conftest.c:23:21: fatal error: sgidefs.h: No such file or directory
 #include <sgidefs.h>
                     ^
compilation terminated.
configure:4178: $? = 1
configure: failed program was:
| /* confdefs.h */
| #define PACKAGE_NAME "simplereader.c"
| #define PACKAGE_TARNAME "simplereader-c"
| #define PACKAGE_VERSION "frame1.c"
| #define PACKAGE_STRING "simplereader.c frame1.c"
| #define PACKAGE_BUGREPORT ""
| #define PACKAGE_URL ""
| #define STDC_HEADERS 1
| #define HAVE_SYS_TYPES_H 1
| #define HAVE_SYS_STAT_H 1
| #define HAVE_STDLIB_H 1
| #define HAVE_STRING_H 1
| #define HAVE_MEMORY_H 1
| #define HAVE_STRINGS_H 1
| #define HAVE_INTTYPES_H 1
| #define HAVE_STDINT_H 1
| #define HAVE_UNISTD_H 1
| #define HAVE_ELF_H 1
| #define HAVE_LIBELF_H 1
| #define HAVE_SYS_TYPES_H 1
| #define HAVE_INTPTR_T 1
| /* end confdefs.h.  */
| #include <sgidefs.h>
| int
| main ()
| {
|   __uint64_t p; p = 27;
|   ;
|   return 0;
| }
configure:4241: gcc -c -I/home/roop/project/atosl/libelf-0.8.9/lib -DHAVE_LIBELF_H  conftest.c >&5
configure:4241: $? = 0
configure:4368: creating ./config.status

## ---------------------- ##
## Running config.status. ##
## ---------------------- ##

This file was extended by simplereader.c config.status frame1.c, which was
generated by GNU Autoconf 2.69.  Invocation command line was

  CONFIG_FILES    = 
  CONFIG_HEADERS  = 
  CONFIG_LINKS    = 
  CONFIG_COMMANDS = 
  $ ./config.status 

on roop

config.status:814: creating Makefile
config.status:814: creating config.h

## ---------------- ##
## Cache variables. ##
## ---------------- ##

ac_cv_c_bigendian=no
ac_cv_c_compiler_gnu=yes
ac_cv_cxx_compiler_gnu=yes
ac_cv_env_CCC_set=
ac_cv_env_CCC_value=
ac_cv_env_CC_set=
ac_cv_env_CC_value=
ac_cv_env_CFLAGS_set=set
ac_cv_env_CFLAGS_value='-I/home/roop/project/atosl/libelf-0.8.9/lib -DHAVE_LIBELF_H'
ac_cv_env_CPPFLAGS_set=
ac_cv_env_CPPFLAGS_value=
ac_cv_env_CPP_set=
ac_cv_env_CPP_value=
ac_cv_env_CXXFLAGS_set=
ac_cv_env_CXXFLAGS_value=
ac_cv_env_CXX_set=
ac_cv_env_CXX_value=
ac_cv_env_LDFLAGS_set=
ac_cv_env_LDFLAGS_value=
ac_cv_env_LIBS_set=
ac_cv_env_LIBS_value=
ac_cv_env_build_alias_set=
ac_cv_env_build_alias_value=
ac_cv_env_host_alias_set=
ac_cv_env_host_alias_value=
ac_cv_env_target_alias_set=
ac_cv_env_target_alias_value=
ac_cv_header_elf_h=yes
ac_cv_header_inttypes_h=yes
ac_cv_header_libelf_h=yes
ac_cv_header_memory_h=yes
ac_cv_header_sgidefs_h=no
ac_cv_header_stdc=yes
ac_cv_header_stdint_h=yes
ac_cv_header_stdlib_h=yes
ac_cv_header_string_h=yes
ac_cv_header_strings_h=yes
ac_cv_header_sys_stat_h=yes
ac_cv_header_sys_types_h=yes
ac_cv_header_unistd_h=yes
ac_cv_objext=o
ac_cv_path_EGREP='/bin/grep -E'
ac_cv_path_GREP=/bin/grep
ac_cv_path_install='/usr/bin/install -c'
ac_cv_prog_CPP='gcc -E'
ac_cv_prog_ac_ct_AR=ar
ac_cv_prog_ac_ct_CC=gcc
ac_cv_prog_ac_ct_CXX=g++
ac_cv_prog_ac_ct_RANLIB=ranlib
ac_cv_prog_cc_c89=
ac_cv_prog_cc_g=yes
ac_cv_prog_cxx_g=yes
ac_cv_prog_gcc_traditional=no

## ----------------- ##
## Output variables. ##
## ----------------- ##

AR='ar'
CC='gcc'
CFLAGS='-I/home/roop/project/atosl/libelf-0.8.9/lib -DHAVE_LIBELF_H'
CPP='gcc -E'
CPPFLAGS=''
CXX='g++'
CXXFLAGS='-g -O2'
DEFS='-DHAVE_CONFIG_H'
ECHO_C=''
ECHO_N='-n'
ECHO_T=''
EGREP='/bin/grep -E'
EXEEXT=''
GREP='/bin/grep'
INSTALL_DATA='${INSTALL} -m 644'
INSTALL_PROGRAM='${INSTALL}'
INSTALL_SCRIPT='${INSTALL}'
LDFLAGS=''
LIBOBJS=''
LIBS=''
LTLIBOBJS=''
OBJEXT='o'
PACKAGE_BUGREPORT=''
PACKAGE_NAME='simplereader.c'
PACKAGE_STRING='simplereader.c frame1.c'
PACKAGE_TARNAME='simplereader-c'
PACKAGE_URL=''
PACKAGE_VERSION='frame1.c'
PATH_SEPARATOR=':'
RANLIB='ranlib'
SHELL='/bin/bash'
ac_ct_CC='gcc'
ac_ct_CXX='g++'
bindir='${exec_prefix}/bin'
build_alias=''
build_nonshared='none.a'
datadir='${datarootdir}'
datarootdir='${prefix}/share'
docdir='${datarootdir}/doc/${PACKAGE_TARNAME}'
dvidir='${docdir}'
dwfwall=''
dwfzlib='-lz'
exec_prefix='${prefix}'
host_alias=''
htmldir='${docdir}'
includedir='${prefix}/include'
infodir='${datarootdir}/info'
libdir='${exec_prefix}/lib'
libexecdir='${exec_prefix}/libexec'
localedir='${datarootdir}/locale'
localstatedir='${prefix}/var'
mandir='${datarootdir}/man'
oldincludedir='/usr/include'
pdfdir='${docdir}'
prefix='/usr/local'
program_transform_name='s,x,x,'
psdir='${docdir}'
sbindir='${exec_prefix}/sbin'
sharedstatedir='${prefix}/com'
sysconfdir='${prefix}/etc'
target_alias=''

## ----------- ##
## confdefs.h. ##
## ----------- ##

/* confdefs.h */
#define PACKAGE_NAME "simplereader.c"
#define PACKAGE_TARNAME "simplereader-c"
#define PACKAGE_VERSION "frame1.c"
#define PACKAGE_STRING "simplereader.c frame1.c"
#define PACKAGE_BUGREPORT ""
#define PACKAGE_URL ""
#define STDC_HEADERS 1
#define HAVE_SYS_TYPES_H 1
#define HAVE_SYS_STAT_H 1
#define HAVE_STDLIB_H 1
#define HAVE_STRING_H 1
#define HAVE_MEMORY_H 1
#define HAVE_STRINGS_H 1
#define HAVE_INTTYPES_H 1
#define HAVE_STDINT_H 1
#define HAVE_UNISTD_H 1
#define HAVE_ELF_H 1
#define HAVE_LIBELF_H 1
#define HAVE_SYS_TYPES_H 1
#define HAVE_INTPTR_T 1
#define HAVE_ZLIB 1

configure: exit 0
